{"/Users/baidu/Git/neo/lib/resource/Resource.js":{"path":"/Users/baidu/Git/neo/lib/resource/Resource.js","s":{"1":1,"2":1,"3":1,"4":1,"5":116,"6":116,"7":116,"8":23,"9":23,"10":707,"11":263,"12":23,"13":34,"14":0,"15":34,"16":17,"17":17,"18":0,"19":0,"20":17,"21":17,"22":5,"23":4,"24":1,"25":1,"26":12,"27":12,"28":0,"29":0,"30":12,"31":12,"32":3,"33":3,"34":3,"35":3,"36":3,"37":3,"38":0,"39":3,"40":0,"41":0,"42":0,"43":0,"44":0,"45":0,"46":0,"47":0,"48":0,"49":0,"50":0,"51":0,"52":0,"53":0,"54":0,"55":0,"56":0,"57":0,"58":0,"59":0,"60":0,"61":1,"62":1,"63":1,"64":1},"b":{"1":[263,444],"2":[707,689],"3":[0,34],"4":[34,2],"5":[17,13],"6":[0,17],"7":[5,12],"8":[4,1],"9":[9,3],"10":[3,0],"11":[0,3],"12":[0,0],"13":[0,0],"14":[0,0],"15":[0,0]},"f":{"1":116,"2":23,"3":34,"4":17,"5":3,"6":3,"7":0,"8":0,"9":0,"10":0},"fnMap":{"1":{"name":"(anonymous_1)","line":43,"loc":{"start":{"line":43,"column":13},"end":{"line":43,"column":20}}},"2":{"name":"(anonymous_2)","line":50,"loc":{"start":{"line":50,"column":10},"end":{"line":50,"column":13}}},"3":{"name":"(anonymous_3)","line":69,"loc":{"start":{"line":69,"column":12},"end":{"line":69,"column":22}}},"4":{"name":"(anonymous_4)","line":82,"loc":{"start":{"line":82,"column":12},"end":{"line":82,"column":23}}},"5":{"name":"(anonymous_5)","line":121,"loc":{"start":{"line":121,"column":7},"end":{"line":121,"column":28}}},"6":{"name":"(anonymous_6)","line":131,"loc":{"start":{"line":131,"column":7},"end":{"line":131,"column":21}}},"7":{"name":"(anonymous_7)","line":142,"loc":{"start":{"line":142,"column":20},"end":{"line":142,"column":23}}},"8":{"name":"(anonymous_8)","line":150,"loc":{"start":{"line":150,"column":20},"end":{"line":150,"column":31}}},"9":{"name":"(anonymous_9)","line":159,"loc":{"start":{"line":159,"column":9},"end":{"line":159,"column":22}}},"10":{"name":"(anonymous_10)","line":178,"loc":{"start":{"line":178,"column":18},"end":{"line":178,"column":26}}}},"statementMap":{"1":{"start":{"line":32,"column":0},"end":{"line":32,"column":32}},"2":{"start":{"line":33,"column":0},"end":{"line":33,"column":50}},"3":{"start":{"line":34,"column":0},"end":{"line":34,"column":23}},"4":{"start":{"line":35,"column":0},"end":{"line":35,"column":30}},"5":{"start":{"line":44,"column":4},"end":{"line":44,"column":12}},"6":{"start":{"line":46,"column":4},"end":{"line":46,"column":42}},"7":{"start":{"line":47,"column":4},"end":{"line":47,"column":40}},"8":{"start":{"line":51,"column":4},"end":{"line":53,"column":6}},"9":{"start":{"line":56,"column":4},"end":{"line":60,"column":5}},"10":{"start":{"line":57,"column":6},"end":{"line":59,"column":7}},"11":{"start":{"line":58,"column":8},"end":{"line":58,"column":28}},"12":{"start":{"line":62,"column":4},"end":{"line":62,"column":18}},"13":{"start":{"line":70,"column":4},"end":{"line":74,"column":5}},"14":{"start":{"line":71,"column":6},"end":{"line":71,"column":58}},"15":{"start":{"line":73,"column":6},"end":{"line":73,"column":40}},"16":{"start":{"line":83,"column":4},"end":{"line":83,"column":41}},"17":{"start":{"line":85,"column":4},"end":{"line":91,"column":5}},"18":{"start":{"line":86,"column":6},"end":{"line":89,"column":19}},"19":{"start":{"line":90,"column":6},"end":{"line":90,"column":16}},"20":{"start":{"line":93,"column":4},"end":{"line":93,"column":12}},"21":{"start":{"line":94,"column":4},"end":{"line":102,"column":5}},"22":{"start":{"line":95,"column":6},"end":{"line":101,"column":7}},"23":{"start":{"line":96,"column":8},"end":{"line":96,"column":33}},"24":{"start":{"line":99,"column":8},"end":{"line":99,"column":59}},"25":{"start":{"line":100,"column":8},"end":{"line":100,"column":38}},"26":{"start":{"line":104,"column":4},"end":{"line":109,"column":5}},"27":{"start":{"line":105,"column":6},"end":{"line":105,"column":39}},"28":{"start":{"line":107,"column":6},"end":{"line":107,"column":55}},"29":{"start":{"line":108,"column":6},"end":{"line":108,"column":16}},"30":{"start":{"line":111,"column":4},"end":{"line":111,"column":52}},"31":{"start":{"line":112,"column":4},"end":{"line":113,"column":50}},"32":{"start":{"line":122,"column":4},"end":{"line":122,"column":44}},"33":{"start":{"line":123,"column":4},"end":{"line":125,"column":5}},"34":{"start":{"line":124,"column":6},"end":{"line":124,"column":23}},"35":{"start":{"line":127,"column":4},"end":{"line":127,"column":40}},"36":{"start":{"line":128,"column":4},"end":{"line":136,"column":7}},"37":{"start":{"line":132,"column":6},"end":{"line":134,"column":7}},"38":{"start":{"line":133,"column":8},"end":{"line":133,"column":29}},"39":{"start":{"line":135,"column":6},"end":{"line":135,"column":21}},"40":{"start":{"line":143,"column":4},"end":{"line":143,"column":25}},"41":{"start":{"line":151,"column":4},"end":{"line":151,"column":29}},"42":{"start":{"line":160,"column":4},"end":{"line":160,"column":44}},"43":{"start":{"line":162,"column":4},"end":{"line":162,"column":41}},"44":{"start":{"line":164,"column":4},"end":{"line":164,"column":25}},"45":{"start":{"line":166,"column":4},"end":{"line":166,"column":44}},"46":{"start":{"line":168,"column":4},"end":{"line":168,"column":33}},"47":{"start":{"line":170,"column":4},"end":{"line":170,"column":41}},"48":{"start":{"line":172,"column":4},"end":{"line":172,"column":16}},"49":{"start":{"line":179,"column":4},"end":{"line":179,"column":37}},"50":{"start":{"line":180,"column":4},"end":{"line":198,"column":5}},"51":{"start":{"line":181,"column":6},"end":{"line":181,"column":24}},"52":{"start":{"line":182,"column":6},"end":{"line":182,"column":37}},"53":{"start":{"line":184,"column":6},"end":{"line":187,"column":7}},"54":{"start":{"line":185,"column":8},"end":{"line":185,"column":52}},"55":{"start":{"line":186,"column":8},"end":{"line":186,"column":61}},"56":{"start":{"line":189,"column":6},"end":{"line":189,"column":40}},"57":{"start":{"line":190,"column":6},"end":{"line":193,"column":7}},"58":{"start":{"line":191,"column":8},"end":{"line":192,"column":42}},"59":{"start":{"line":195,"column":6},"end":{"line":195,"column":48}},"60":{"start":{"line":197,"column":6},"end":{"line":197,"column":27}},"61":{"start":{"line":202,"column":0},"end":{"line":202,"column":37}},"62":{"start":{"line":203,"column":0},"end":{"line":203,"column":29}},"63":{"start":{"line":204,"column":0},"end":{"line":204,"column":37}},"64":{"start":{"line":206,"column":0},"end":{"line":206,"column":26}}},"branchMap":{"1":{"line":57,"type":"if","locations":[{"start":{"line":57,"column":6},"end":{"line":57,"column":6}},{"start":{"line":57,"column":6},"end":{"line":57,"column":6}}]},"2":{"line":57,"type":"binary-expr","locations":[{"start":{"line":57,"column":10},"end":{"line":57,"column":30}},{"start":{"line":57,"column":34},"end":{"line":57,"column":56}}]},"3":{"line":70,"type":"if","locations":[{"start":{"line":70,"column":4},"end":{"line":70,"column":4}},{"start":{"line":70,"column":4},"end":{"line":70,"column":4}}]},"4":{"line":73,"type":"binary-expr","locations":[{"start":{"line":73,"column":26},"end":{"line":73,"column":33}},{"start":{"line":73,"column":37},"end":{"line":73,"column":39}}]},"5":{"line":83,"type":"binary-expr","locations":[{"start":{"line":83,"column":15},"end":{"line":83,"column":23}},{"start":{"line":83,"column":27},"end":{"line":83,"column":40}}]},"6":{"line":85,"type":"if","locations":[{"start":{"line":85,"column":4},"end":{"line":85,"column":4}},{"start":{"line":85,"column":4},"end":{"line":85,"column":4}}]},"7":{"line":94,"type":"if","locations":[{"start":{"line":94,"column":4},"end":{"line":94,"column":4}},{"start":{"line":94,"column":4},"end":{"line":94,"column":4}}]},"8":{"line":95,"type":"if","locations":[{"start":{"line":95,"column":6},"end":{"line":95,"column":6}},{"start":{"line":95,"column":6},"end":{"line":95,"column":6}}]},"9":{"line":112,"type":"cond-expr","locations":[{"start":{"line":113,"column":6},"end":{"line":113,"column":23}},{"start":{"line":113,"column":26},"end":{"line":113,"column":48}}]},"10":{"line":123,"type":"if","locations":[{"start":{"line":123,"column":4},"end":{"line":123,"column":4}},{"start":{"line":123,"column":4},"end":{"line":123,"column":4}}]},"11":{"line":132,"type":"if","locations":[{"start":{"line":132,"column":6},"end":{"line":132,"column":6}},{"start":{"line":132,"column":6},"end":{"line":132,"column":6}}]},"12":{"line":180,"type":"if","locations":[{"start":{"line":180,"column":4},"end":{"line":180,"column":4}},{"start":{"line":180,"column":4},"end":{"line":180,"column":4}}]},"13":{"line":184,"type":"if","locations":[{"start":{"line":184,"column":6},"end":{"line":184,"column":6}},{"start":{"line":184,"column":6},"end":{"line":184,"column":6}}]},"14":{"line":190,"type":"if","locations":[{"start":{"line":190,"column":6},"end":{"line":190,"column":6}},{"start":{"line":190,"column":6},"end":{"line":190,"column":6}}]},"15":{"line":191,"type":"cond-expr","locations":[{"start":{"line":191,"column":35},"end":{"line":191,"column":37}},{"start":{"line":191,"column":40},"end":{"line":191,"column":58}}]}}},"/Users/baidu/Git/neo/lib/util.js":{"path":"/Users/baidu/Git/neo/lib/util.js","s":{"1":1,"2":1,"3":1,"4":1,"5":1,"6":3,"7":3,"8":0,"9":0,"10":0,"11":0,"12":0,"13":0,"14":0,"15":0,"16":0,"17":1,"18":18,"19":18,"20":1,"21":28,"22":28,"23":1,"24":0,"25":1,"26":0,"27":1,"28":0,"29":0,"30":0,"31":0,"32":0,"33":0,"34":0,"35":0,"36":0},"b":{"1":[1,0],"2":[3,0],"3":[0,0],"4":[0,0],"5":[0,0],"6":[0,0],"7":[0,0],"8":[0,0],"9":[0,0]},"f":{"1":3,"2":0,"3":18,"4":28,"5":0,"6":0,"7":0,"8":0},"fnMap":{"1":{"name":"(anonymous_1)","line":40,"loc":{"start":{"line":40,"column":17},"end":{"line":40,"column":39}}},"2":{"name":"(anonymous_2)","line":50,"loc":{"start":{"line":50,"column":36},"end":{"line":50,"column":57}}},"3":{"name":"(anonymous_3)","line":80,"loc":{"start":{"line":80,"column":2},"end":{"line":80,"column":51}}},"4":{"name":"(anonymous_4)","line":95,"loc":{"start":{"line":95,"column":19},"end":{"line":95,"column":42}}},"5":{"name":"(anonymous_5)","line":105,"loc":{"start":{"line":105,"column":19},"end":{"line":105,"column":33}}},"6":{"name":"(anonymous_6)","line":114,"loc":{"start":{"line":114,"column":20},"end":{"line":114,"column":35}}},"7":{"name":"(anonymous_7)","line":123,"loc":{"start":{"line":123,"column":27},"end":{"line":123,"column":42}}},"8":{"name":"(anonymous_8)","line":127,"loc":{"start":{"line":127,"column":51},"end":{"line":127,"column":72}}}},"statementMap":{"1":{"start":{"line":29,"column":0},"end":{"line":29,"column":23}},"2":{"start":{"line":30,"column":0},"end":{"line":30,"column":32}},"3":{"start":{"line":31,"column":0},"end":{"line":31,"column":45}},"4":{"start":{"line":33,"column":0},"end":{"line":33,"column":68}},"5":{"start":{"line":40,"column":0},"end":{"line":60,"column":2}},"6":{"start":{"line":41,"column":2},"end":{"line":43,"column":3}},"7":{"start":{"line":42,"column":4},"end":{"line":42,"column":11}},"8":{"start":{"line":45,"column":2},"end":{"line":45,"column":34}},"9":{"start":{"line":46,"column":2},"end":{"line":48,"column":3}},"10":{"start":{"line":47,"column":4},"end":{"line":47,"column":38}},"11":{"start":{"line":50,"column":2},"end":{"line":55,"column":5}},"12":{"start":{"line":51,"column":4},"end":{"line":53,"column":5}},"13":{"start":{"line":52,"column":6},"end":{"line":52,"column":31}},"14":{"start":{"line":54,"column":4},"end":{"line":54,"column":39}},"15":{"start":{"line":57,"column":2},"end":{"line":59,"column":3}},"16":{"start":{"line":58,"column":4},"end":{"line":58,"column":30}},"17":{"start":{"line":79,"column":0},"end":{"line":88,"column":4}},"18":{"start":{"line":81,"column":4},"end":{"line":85,"column":6}},"19":{"start":{"line":87,"column":4},"end":{"line":87,"column":80}},"20":{"start":{"line":95,"column":0},"end":{"line":98,"column":2}},"21":{"start":{"line":96,"column":2},"end":{"line":96,"column":46}},"22":{"start":{"line":97,"column":2},"end":{"line":97,"column":33}},"23":{"start":{"line":105,"column":0},"end":{"line":107,"column":2}},"24":{"start":{"line":106,"column":2},"end":{"line":106,"column":25}},"25":{"start":{"line":114,"column":0},"end":{"line":116,"column":2}},"26":{"start":{"line":115,"column":2},"end":{"line":115,"column":31}},"27":{"start":{"line":123,"column":0},"end":{"line":140,"column":2}},"28":{"start":{"line":126,"column":2},"end":{"line":139,"column":3}},"29":{"start":{"line":127,"column":4},"end":{"line":134,"column":7}},"30":{"start":{"line":128,"column":6},"end":{"line":128,"column":39}},"31":{"start":{"line":129,"column":6},"end":{"line":133,"column":7}},"32":{"start":{"line":130,"column":8},"end":{"line":130,"column":23}},"33":{"start":{"line":132,"column":8},"end":{"line":132,"column":39}},"34":{"start":{"line":135,"column":9},"end":{"line":139,"column":3}},"35":{"start":{"line":136,"column":4},"end":{"line":136,"column":37}},"36":{"start":{"line":138,"column":4},"end":{"line":138,"column":57}}},"branchMap":{"1":{"line":33,"type":"binary-expr","locations":[{"start":{"line":33,"column":30},"end":{"line":33,"column":43}},{"start":{"line":33,"column":47},"end":{"line":33,"column":67}}]},"2":{"line":41,"type":"if","locations":[{"start":{"line":41,"column":2},"end":{"line":41,"column":2}},{"start":{"line":41,"column":2},"end":{"line":41,"column":2}}]},"3":{"line":46,"type":"if","locations":[{"start":{"line":46,"column":2},"end":{"line":46,"column":2}},{"start":{"line":46,"column":2},"end":{"line":46,"column":2}}]},"4":{"line":51,"type":"if","locations":[{"start":{"line":51,"column":4},"end":{"line":51,"column":4}},{"start":{"line":51,"column":4},"end":{"line":51,"column":4}}]},"5":{"line":51,"type":"binary-expr","locations":[{"start":{"line":51,"column":8},"end":{"line":51,"column":12}},{"start":{"line":51,"column":16},"end":{"line":51,"column":29}}]},"6":{"line":57,"type":"if","locations":[{"start":{"line":57,"column":2},"end":{"line":57,"column":2}},{"start":{"line":57,"column":2},"end":{"line":57,"column":2}}]},"7":{"line":126,"type":"if","locations":[{"start":{"line":126,"column":2},"end":{"line":126,"column":2}},{"start":{"line":126,"column":2},"end":{"line":126,"column":2}}]},"8":{"line":129,"type":"if","locations":[{"start":{"line":129,"column":6},"end":{"line":129,"column":6}},{"start":{"line":129,"column":6},"end":{"line":129,"column":6}}]},"9":{"line":135,"type":"if","locations":[{"start":{"line":135,"column":9},"end":{"line":135,"column":9}},{"start":{"line":135,"column":9},"end":{"line":135,"column":9}}]}}},"/Users/baidu/Git/neo/lib/PathResolver.js":{"path":"/Users/baidu/Git/neo/lib/PathResolver.js","s":{"1":1,"2":1,"3":1,"4":1,"5":40,"6":40,"7":1,"8":20,"9":20,"10":20,"11":9,"12":11,"13":1,"14":6,"15":6,"16":4,"17":2,"18":2,"19":2,"20":1,"21":1,"22":1,"23":18,"24":18,"25":0,"26":18,"27":18,"28":18,"29":18,"30":18,"31":18,"32":18,"33":14,"34":18,"35":6,"36":18,"37":4,"38":18,"39":14,"40":4,"41":0,"42":0,"43":0,"44":0,"45":0,"46":0,"47":0,"48":0,"49":0,"50":0,"51":18,"52":18,"53":2,"54":2,"55":2,"56":0,"57":2,"58":2,"59":16,"60":0,"61":0,"62":0,"63":16,"64":16,"65":16,"66":16,"67":0,"68":16,"69":18,"70":18,"71":1,"72":1,"73":1,"74":1,"75":1,"76":1,"77":1,"78":1,"79":1,"80":1,"81":1},"b":{"1":[40,35],"2":[40,14],"3":[9,11],"4":[4,2],"5":[2,2],"6":[1,1],"7":[2,2],"8":[2,1,1],"9":[0,18],"10":[18,0],"11":[14,4],"12":[18,14],"13":[6,12],"14":[4,14],"15":[14,4],"16":[0,0],"17":[0,0],"18":[2,16],"19":[18,2],"20":[2,0],"21":[0,2],"22":[0,16],"23":[16,16,16],"24":[0,16],"25":[0,16],"26":[16,0],"27":[0,1],"28":[1,0],"29":[1,0]},"f":{"1":40,"2":20,"3":6,"4":18,"5":0,"6":18,"7":18,"8":1},"fnMap":{"1":{"name":"(anonymous_1)","line":47,"loc":{"start":{"line":47,"column":16},"end":{"line":47,"column":51}}},"2":{"name":"(anonymous_2)","line":56,"loc":{"start":{"line":56,"column":22},"end":{"line":56,"column":53}}},"3":{"name":"(anonymous_3)","line":85,"loc":{"start":{"line":85,"column":19},"end":{"line":85,"column":57}}},"4":{"name":"(anonymous_4)","line":106,"loc":{"start":{"line":106,"column":13},"end":{"line":106,"column":51}}},"5":{"name":"(anonymous_5)","line":148,"loc":{"start":{"line":148,"column":20},"end":{"line":148,"column":35}}},"6":{"name":"(anonymous_6)","line":172,"loc":{"start":{"line":172,"column":23},"end":{"line":172,"column":49}}},"7":{"name":"(anonymous_7)","line":218,"loc":{"start":{"line":218,"column":20},"end":{"line":218,"column":59}}},"8":{"name":"(anonymous_8)","line":223,"loc":{"start":{"line":223,"column":14},"end":{"line":223,"column":25}}}},"statementMap":{"1":{"start":{"line":22,"column":0},"end":{"line":22,"column":27}},"2":{"start":{"line":24,"column":0},"end":{"line":24,"column":21}},"3":{"start":{"line":26,"column":0},"end":{"line":26,"column":32}},"4":{"start":{"line":47,"column":0},"end":{"line":51,"column":2}},"5":{"start":{"line":48,"column":2},"end":{"line":49,"column":69}},"6":{"start":{"line":50,"column":2},"end":{"line":50,"column":47}},"7":{"start":{"line":56,"column":0},"end":{"line":64,"column":2}},"8":{"start":{"line":57,"column":2},"end":{"line":62,"column":3}},"9":{"start":{"line":58,"column":4},"end":{"line":58,"column":53}},"10":{"start":{"line":59,"column":4},"end":{"line":61,"column":5}},"11":{"start":{"line":60,"column":6},"end":{"line":60,"column":22}},"12":{"start":{"line":63,"column":2},"end":{"line":63,"column":15}},"13":{"start":{"line":85,"column":0},"end":{"line":98,"column":2}},"14":{"start":{"line":86,"column":2},"end":{"line":87,"column":71}},"15":{"start":{"line":88,"column":2},"end":{"line":90,"column":3}},"16":{"start":{"line":89,"column":4},"end":{"line":89,"column":17}},"17":{"start":{"line":91,"column":2},"end":{"line":91,"column":79}},"18":{"start":{"line":92,"column":2},"end":{"line":94,"column":13}},"19":{"start":{"line":95,"column":2},"end":{"line":97,"column":74}},"20":{"start":{"line":100,"column":0},"end":{"line":100,"column":32}},"21":{"start":{"line":102,"column":0},"end":{"line":102,"column":46}},"22":{"start":{"line":104,"column":0},"end":{"line":237,"column":2}},"23":{"start":{"line":107,"column":4},"end":{"line":107,"column":30}},"24":{"start":{"line":109,"column":4},"end":{"line":111,"column":5}},"25":{"start":{"line":110,"column":6},"end":{"line":110,"column":19}},"26":{"start":{"line":113,"column":4},"end":{"line":113,"column":52}},"27":{"start":{"line":116,"column":4},"end":{"line":143,"column":5}},"28":{"start":{"line":118,"column":6},"end":{"line":118,"column":53}},"29":{"start":{"line":120,"column":6},"end":{"line":120,"column":19}},"30":{"start":{"line":121,"column":6},"end":{"line":129,"column":7}},"31":{"start":{"line":123,"column":8},"end":{"line":123,"column":50}},"32":{"start":{"line":125,"column":8},"end":{"line":128,"column":9}},"33":{"start":{"line":127,"column":10},"end":{"line":127,"column":64}},"34":{"start":{"line":131,"column":6},"end":{"line":133,"column":7}},"35":{"start":{"line":132,"column":8},"end":{"line":132,"column":59}},"36":{"start":{"line":135,"column":6},"end":{"line":138,"column":7}},"37":{"start":{"line":137,"column":8},"end":{"line":137,"column":85}},"38":{"start":{"line":140,"column":6},"end":{"line":142,"column":7}},"39":{"start":{"line":141,"column":8},"end":{"line":141,"column":24}},"40":{"start":{"line":144,"column":4},"end":{"line":144,"column":17}},"41":{"start":{"line":150,"column":4},"end":{"line":150,"column":30}},"42":{"start":{"line":155,"column":4},"end":{"line":155,"column":65}},"43":{"start":{"line":156,"column":4},"end":{"line":156,"column":19}},"44":{"start":{"line":157,"column":4},"end":{"line":157,"column":36}},"45":{"start":{"line":159,"column":4},"end":{"line":166,"column":5}},"46":{"start":{"line":161,"column":6},"end":{"line":163,"column":7}},"47":{"start":{"line":162,"column":8},"end":{"line":162,"column":17}},"48":{"start":{"line":164,"column":6},"end":{"line":164,"column":78}},"49":{"start":{"line":165,"column":6},"end":{"line":165,"column":22}},"50":{"start":{"line":168,"column":4},"end":{"line":168,"column":17}},"51":{"start":{"line":173,"column":4},"end":{"line":173,"column":40}},"52":{"start":{"line":174,"column":4},"end":{"line":183,"column":5}},"53":{"start":{"line":175,"column":6},"end":{"line":175,"column":30}},"54":{"start":{"line":176,"column":6},"end":{"line":181,"column":7}},"55":{"start":{"line":177,"column":8},"end":{"line":179,"column":9}},"56":{"start":{"line":178,"column":10},"end":{"line":178,"column":28}},"57":{"start":{"line":180,"column":8},"end":{"line":180,"column":43}},"58":{"start":{"line":182,"column":6},"end":{"line":182,"column":19}},"59":{"start":{"line":186,"column":4},"end":{"line":192,"column":5}},"60":{"start":{"line":189,"column":6},"end":{"line":189,"column":48}},"61":{"start":{"line":190,"column":6},"end":{"line":190,"column":71}},"62":{"start":{"line":191,"column":6},"end":{"line":191,"column":23}},"63":{"start":{"line":197,"column":4},"end":{"line":197,"column":71}},"64":{"start":{"line":198,"column":4},"end":{"line":198,"column":69}},"65":{"start":{"line":199,"column":4},"end":{"line":199,"column":49}},"66":{"start":{"line":203,"column":4},"end":{"line":205,"column":5}},"67":{"start":{"line":204,"column":6},"end":{"line":204,"column":21}},"68":{"start":{"line":207,"column":4},"end":{"line":207,"column":43}},"69":{"start":{"line":219,"column":4},"end":{"line":219,"column":74}},"70":{"start":{"line":220,"column":4},"end":{"line":220,"column":71}},"71":{"start":{"line":224,"column":4},"end":{"line":224,"column":49}},"72":{"start":{"line":225,"column":4},"end":{"line":225,"column":73}},"73":{"start":{"line":226,"column":4},"end":{"line":226,"column":76}},"74":{"start":{"line":227,"column":4},"end":{"line":230,"column":5}},"75":{"start":{"line":228,"column":6},"end":{"line":228,"column":62}},"76":{"start":{"line":229,"column":6},"end":{"line":229,"column":60}},"77":{"start":{"line":231,"column":4},"end":{"line":233,"column":5}},"78":{"start":{"line":232,"column":6},"end":{"line":232,"column":77}},"79":{"start":{"line":235,"column":4},"end":{"line":235,"column":24}},"80":{"start":{"line":239,"column":0},"end":{"line":239,"column":26}},"81":{"start":{"line":242,"column":0},"end":{"line":242,"column":30}}},"branchMap":{"1":{"line":48,"type":"binary-expr","locations":[{"start":{"line":48,"column":23},"end":{"line":48,"column":65}},{"start":{"line":49,"column":6},"end":{"line":49,"column":68}}]},"2":{"line":50,"type":"binary-expr","locations":[{"start":{"line":50,"column":9},"end":{"line":50,"column":23}},{"start":{"line":50,"column":27},"end":{"line":50,"column":46}}]},"3":{"line":59,"type":"if","locations":[{"start":{"line":59,"column":4},"end":{"line":59,"column":4}},{"start":{"line":59,"column":4},"end":{"line":59,"column":4}}]},"4":{"line":88,"type":"if","locations":[{"start":{"line":88,"column":2},"end":{"line":88,"column":2}},{"start":{"line":88,"column":2},"end":{"line":88,"column":2}}]},"5":{"line":91,"type":"binary-expr","locations":[{"start":{"line":91,"column":13},"end":{"line":91,"column":41}},{"start":{"line":91,"column":45},"end":{"line":91,"column":78}}]},"6":{"line":92,"type":"cond-expr","locations":[{"start":{"line":93,"column":4},"end":{"line":93,"column":68}},{"start":{"line":94,"column":4},"end":{"line":94,"column":12}}]},"7":{"line":92,"type":"binary-expr","locations":[{"start":{"line":92,"column":21},"end":{"line":92,"column":25}},{"start":{"line":92,"column":29},"end":{"line":92,"column":38}}]},"8":{"line":95,"type":"binary-expr","locations":[{"start":{"line":95,"column":9},"end":{"line":95,"column":43}},{"start":{"line":96,"column":4},"end":{"line":96,"column":50}},{"start":{"line":97,"column":4},"end":{"line":97,"column":73}}]},"9":{"line":109,"type":"if","locations":[{"start":{"line":109,"column":4},"end":{"line":109,"column":4}},{"start":{"line":109,"column":4},"end":{"line":109,"column":4}}]},"10":{"line":121,"type":"if","locations":[{"start":{"line":121,"column":6},"end":{"line":121,"column":6}},{"start":{"line":121,"column":6},"end":{"line":121,"column":6}}]},"11":{"line":125,"type":"if","locations":[{"start":{"line":125,"column":8},"end":{"line":125,"column":8}},{"start":{"line":125,"column":8},"end":{"line":125,"column":8}}]},"12":{"line":125,"type":"binary-expr","locations":[{"start":{"line":125,"column":12},"end":{"line":125,"column":21}},{"start":{"line":125,"column":25},"end":{"line":125,"column":39}}]},"13":{"line":131,"type":"if","locations":[{"start":{"line":131,"column":6},"end":{"line":131,"column":6}},{"start":{"line":131,"column":6},"end":{"line":131,"column":6}}]},"14":{"line":135,"type":"if","locations":[{"start":{"line":135,"column":6},"end":{"line":135,"column":6}},{"start":{"line":135,"column":6},"end":{"line":135,"column":6}}]},"15":{"line":140,"type":"if","locations":[{"start":{"line":140,"column":6},"end":{"line":140,"column":6}},{"start":{"line":140,"column":6},"end":{"line":140,"column":6}}]},"16":{"line":155,"type":"cond-expr","locations":[{"start":{"line":155,"column":49},"end":{"line":155,"column":57}},{"start":{"line":155,"column":60},"end":{"line":155,"column":64}}]},"17":{"line":161,"type":"if","locations":[{"start":{"line":161,"column":6},"end":{"line":161,"column":6}},{"start":{"line":161,"column":6},"end":{"line":161,"column":6}}]},"18":{"line":174,"type":"if","locations":[{"start":{"line":174,"column":4},"end":{"line":174,"column":4}},{"start":{"line":174,"column":4},"end":{"line":174,"column":4}}]},"19":{"line":174,"type":"binary-expr","locations":[{"start":{"line":174,"column":8},"end":{"line":174,"column":22}},{"start":{"line":174,"column":26},"end":{"line":174,"column":40}}]},"20":{"line":176,"type":"if","locations":[{"start":{"line":176,"column":6},"end":{"line":176,"column":6}},{"start":{"line":176,"column":6},"end":{"line":176,"column":6}}]},"21":{"line":177,"type":"if","locations":[{"start":{"line":177,"column":8},"end":{"line":177,"column":8}},{"start":{"line":177,"column":8},"end":{"line":177,"column":8}}]},"22":{"line":186,"type":"if","locations":[{"start":{"line":186,"column":4},"end":{"line":186,"column":4}},{"start":{"line":186,"column":4},"end":{"line":186,"column":4}}]},"23":{"line":186,"type":"binary-expr","locations":[{"start":{"line":186,"column":8},"end":{"line":186,"column":15}},{"start":{"line":186,"column":19},"end":{"line":186,"column":29}},{"start":{"line":186,"column":33},"end":{"line":186,"column":49}}]},"24":{"line":198,"type":"cond-expr","locations":[{"start":{"line":198,"column":33},"end":{"line":198,"column":42}},{"start":{"line":198,"column":45},"end":{"line":198,"column":68}}]},"25":{"line":203,"type":"if","locations":[{"start":{"line":203,"column":4},"end":{"line":203,"column":4}},{"start":{"line":203,"column":4},"end":{"line":203,"column":4}}]},"26":{"line":203,"type":"binary-expr","locations":[{"start":{"line":203,"column":8},"end":{"line":203,"column":28}},{"start":{"line":203,"column":32},"end":{"line":203,"column":54}}]},"27":{"line":225,"type":"cond-expr","locations":[{"start":{"line":225,"column":30},"end":{"line":225,"column":53}},{"start":{"line":225,"column":56},"end":{"line":225,"column":72}}]},"28":{"line":227,"type":"if","locations":[{"start":{"line":227,"column":4},"end":{"line":227,"column":4}},{"start":{"line":227,"column":4},"end":{"line":227,"column":4}}]},"29":{"line":231,"type":"if","locations":[{"start":{"line":231,"column":4},"end":{"line":231,"column":4}},{"start":{"line":231,"column":4},"end":{"line":231,"column":4}}]}}},"/Users/baidu/Git/neo/lib/parser/regexp.js":{"path":"/Users/baidu/Git/neo/lib/parser/regexp.js","s":{"1":1,"2":1,"3":1,"4":1,"5":1,"6":1,"7":1,"8":1,"9":1,"10":1,"11":1,"12":1,"13":1,"14":1,"15":1,"16":1,"17":1,"18":1},"b":{},"f":{},"fnMap":{},"statementMap":{"1":{"start":{"line":30,"column":0},"end":{"line":30,"column":43}},"2":{"start":{"line":31,"column":0},"end":{"line":31,"column":38}},"3":{"start":{"line":36,"column":0},"end":{"line":36,"column":60}},"4":{"start":{"line":37,"column":0},"end":{"line":37,"column":44}},"5":{"start":{"line":40,"column":0},"end":{"line":40,"column":60}},"6":{"start":{"line":41,"column":0},"end":{"line":41,"column":61}},"7":{"start":{"line":44,"column":0},"end":{"line":44,"column":85}},"8":{"start":{"line":45,"column":0},"end":{"line":45,"column":35}},"9":{"start":{"line":46,"column":0},"end":{"line":46,"column":25}},"10":{"start":{"line":49,"column":0},"end":{"line":49,"column":40}},"11":{"start":{"line":50,"column":0},"end":{"line":50,"column":38}},"12":{"start":{"line":52,"column":0},"end":{"line":52,"column":28}},"13":{"start":{"line":53,"column":0},"end":{"line":53,"column":22}},"14":{"start":{"line":55,"column":0},"end":{"line":55,"column":30}},"15":{"start":{"line":56,"column":0},"end":{"line":56,"column":40}},"16":{"start":{"line":58,"column":0},"end":{"line":58,"column":28}},"17":{"start":{"line":59,"column":0},"end":{"line":59,"column":38}},"18":{"start":{"line":60,"column":0},"end":{"line":60,"column":24}}},"branchMap":{}},"/Users/baidu/Git/neo/lib/neo.js":{"path":"/Users/baidu/Git/neo/lib/neo.js","s":{"1":1,"2":1,"3":1,"4":1,"5":1,"6":1,"7":1,"8":1,"9":1,"10":1,"11":0,"12":0,"13":4,"14":4,"15":4,"16":4,"17":4,"18":4,"19":4,"20":4,"21":0,"22":4,"23":4,"24":1,"25":8,"26":4,"27":4,"28":4,"29":4,"30":4,"31":4,"32":4,"33":4,"34":4,"35":0,"36":4,"37":4,"38":4,"39":4,"40":4,"41":0,"42":4,"43":4,"44":4,"45":4,"46":4,"47":4,"48":18,"49":12,"50":6,"51":6,"52":4,"53":4,"54":18,"55":18,"56":18,"57":18,"58":0,"59":0,"60":0,"61":0,"62":0,"63":4,"64":4,"65":4,"66":4,"67":0,"68":4,"69":4,"70":4,"71":4,"72":4,"73":24,"74":20,"75":4,"76":4,"77":4,"78":4,"79":5,"80":7,"81":4,"82":4,"83":8,"84":0,"85":1,"86":1,"87":1},"b":{"1":[4,0],"2":[4,4],"3":[4,4],"4":[4,4,0],"5":[0,4],"6":[4,4],"7":[8,8],"8":[4,0],"9":[4,0],"10":[0,4],"11":[4,0],"12":[12,6],"13":[6,0],"14":[18,0],"15":[18,6],"16":[0,18],"17":[4,0],"18":[4,4],"19":[0,0],"20":[4,0],"21":[4,4],"22":[8,8],"23":[0,0]},"f":{"1":0,"2":0,"3":4,"4":4,"5":8,"6":4,"7":0,"8":0,"9":4,"10":0,"11":4,"12":4,"13":4,"14":5,"15":8,"16":0},"fnMap":{"1":{"name":"(anonymous_1)","line":57,"loc":{"start":{"line":57,"column":31},"end":{"line":57,"column":54}}},"2":{"name":"(anonymous_2)","line":66,"loc":{"start":{"line":66,"column":33},"end":{"line":66,"column":40}}},"3":{"name":"(anonymous_3)","line":87,"loc":{"start":{"line":87,"column":13},"end":{"line":87,"column":42}}},"4":{"name":"(anonymous_4)","line":116,"loc":{"start":{"line":116,"column":8},"end":{"line":116,"column":34}}},"5":{"name":"run","line":120,"loc":{"start":{"line":120,"column":4},"end":{"line":120,"column":19}}},"6":{"name":"(anonymous_6)","line":165,"loc":{"start":{"line":165,"column":15},"end":{"line":165,"column":21}}},"7":{"name":"(anonymous_7)","line":195,"loc":{"start":{"line":195,"column":11},"end":{"line":195,"column":27}}},"8":{"name":"(anonymous_8)","line":197,"loc":{"start":{"line":197,"column":26},"end":{"line":197,"column":42}}},"9":{"name":"(anonymous_9)","line":209,"loc":{"start":{"line":209,"column":17},"end":{"line":209,"column":34}}},"10":{"name":"(anonymous_10)","line":223,"loc":{"start":{"line":223,"column":21},"end":{"line":223,"column":28}}},"11":{"name":"(anonymous_11)","line":233,"loc":{"start":{"line":233,"column":10},"end":{"line":233,"column":32}}},"12":{"name":"(anonymous_12)","line":243,"loc":{"start":{"line":243,"column":18},"end":{"line":243,"column":31}}},"13":{"name":"(anonymous_13)","line":271,"loc":{"start":{"line":271,"column":11},"end":{"line":271,"column":14}}},"14":{"name":"(anonymous_14)","line":274,"loc":{"start":{"line":274,"column":27},"end":{"line":274,"column":44}}},"15":{"name":"(anonymous_15)","line":292,"loc":{"start":{"line":292,"column":15},"end":{"line":292,"column":18}}},"16":{"name":"(anonymous_16)","line":301,"loc":{"start":{"line":301,"column":11},"end":{"line":301,"column":14}}}},"statementMap":{"1":{"start":{"line":39,"column":0},"end":{"line":39,"column":50}},"2":{"start":{"line":40,"column":0},"end":{"line":40,"column":36}},"3":{"start":{"line":42,"column":0},"end":{"line":42,"column":30}},"4":{"start":{"line":43,"column":0},"end":{"line":43,"column":39}},"5":{"start":{"line":44,"column":0},"end":{"line":44,"column":46}},"6":{"start":{"line":45,"column":0},"end":{"line":45,"column":47}},"7":{"start":{"line":46,"column":0},"end":{"line":46,"column":41}},"8":{"start":{"line":47,"column":0},"end":{"line":47,"column":47}},"9":{"start":{"line":48,"column":0},"end":{"line":48,"column":47}},"10":{"start":{"line":49,"column":0},"end":{"line":49,"column":35}},"11":{"start":{"line":58,"column":4},"end":{"line":58,"column":35}},"12":{"start":{"line":67,"column":4},"end":{"line":67,"column":32}},"13":{"start":{"line":88,"column":4},"end":{"line":88,"column":12}},"14":{"start":{"line":90,"column":4},"end":{"line":90,"column":27}},"15":{"start":{"line":91,"column":4},"end":{"line":91,"column":29}},"16":{"start":{"line":92,"column":4},"end":{"line":92,"column":33}},"17":{"start":{"line":93,"column":4},"end":{"line":93,"column":46}},"18":{"start":{"line":94,"column":4},"end":{"line":94,"column":54}},"19":{"start":{"line":96,"column":4},"end":{"line":96,"column":76}},"20":{"start":{"line":98,"column":4},"end":{"line":100,"column":5}},"21":{"start":{"line":99,"column":6},"end":{"line":99,"column":35}},"22":{"start":{"line":117,"column":4},"end":{"line":117,"column":19}},"23":{"start":{"line":118,"column":4},"end":{"line":118,"column":18}},"24":{"start":{"line":120,"column":4},"end":{"line":143,"column":5}},"25":{"start":{"line":121,"column":6},"end":{"line":123,"column":7}},"26":{"start":{"line":122,"column":8},"end":{"line":122,"column":15}},"27":{"start":{"line":124,"column":6},"end":{"line":142,"column":15}},"28":{"start":{"line":127,"column":10},"end":{"line":129,"column":11}},"29":{"start":{"line":128,"column":12},"end":{"line":128,"column":34}},"30":{"start":{"line":132,"column":10},"end":{"line":132,"column":69}},"31":{"start":{"line":133,"column":10},"end":{"line":140,"column":11}},"32":{"start":{"line":134,"column":12},"end":{"line":137,"column":15}},"33":{"start":{"line":135,"column":14},"end":{"line":135,"column":35}},"34":{"start":{"line":136,"column":14},"end":{"line":136,"column":28}},"35":{"start":{"line":139,"column":12},"end":{"line":139,"column":26}},"36":{"start":{"line":145,"column":4},"end":{"line":150,"column":7}},"37":{"start":{"line":146,"column":6},"end":{"line":146,"column":16}},"38":{"start":{"line":148,"column":6},"end":{"line":148,"column":30}},"39":{"start":{"line":149,"column":6},"end":{"line":149,"column":12}},"40":{"start":{"line":153,"column":4},"end":{"line":162,"column":5}},"41":{"start":{"line":154,"column":6},"end":{"line":154,"column":30}},"42":{"start":{"line":156,"column":6},"end":{"line":161,"column":9}},"43":{"start":{"line":157,"column":8},"end":{"line":157,"column":16}},"44":{"start":{"line":159,"column":8},"end":{"line":159,"column":29}},"45":{"start":{"line":160,"column":8},"end":{"line":160,"column":14}},"46":{"start":{"line":167,"column":4},"end":{"line":167,"column":30}},"47":{"start":{"line":168,"column":4},"end":{"line":174,"column":7}},"48":{"start":{"line":169,"column":6},"end":{"line":173,"column":7}},"49":{"start":{"line":170,"column":8},"end":{"line":170,"column":65}},"50":{"start":{"line":171,"column":13},"end":{"line":173,"column":7}},"51":{"start":{"line":172,"column":8},"end":{"line":172,"column":61}},"52":{"start":{"line":176,"column":4},"end":{"line":176,"column":21}},"53":{"start":{"line":177,"column":4},"end":{"line":187,"column":7}},"54":{"start":{"line":178,"column":6},"end":{"line":186,"column":7}},"55":{"start":{"line":179,"column":8},"end":{"line":179,"column":23}},"56":{"start":{"line":180,"column":8},"end":{"line":180,"column":77}},"57":{"start":{"line":181,"column":8},"end":{"line":185,"column":9}},"58":{"start":{"line":182,"column":10},"end":{"line":182,"column":37}},"59":{"start":{"line":183,"column":10},"end":{"line":183,"column":66}},"60":{"start":{"line":184,"column":10},"end":{"line":184,"column":59}},"61":{"start":{"line":197,"column":4},"end":{"line":201,"column":18}},"62":{"start":{"line":198,"column":6},"end":{"line":200,"column":15}},"63":{"start":{"line":210,"column":4},"end":{"line":215,"column":7}},"64":{"start":{"line":211,"column":6},"end":{"line":213,"column":7}},"65":{"start":{"line":212,"column":8},"end":{"line":212,"column":56}},"66":{"start":{"line":214,"column":6},"end":{"line":214,"column":41}},"67":{"start":{"line":224,"column":4},"end":{"line":224,"column":76}},"68":{"start":{"line":234,"column":4},"end":{"line":234,"column":58}},"69":{"start":{"line":244,"column":4},"end":{"line":247,"column":7}},"70":{"start":{"line":249,"column":4},"end":{"line":256,"column":6}},"71":{"start":{"line":258,"column":4},"end":{"line":258,"column":18}},"72":{"start":{"line":259,"column":4},"end":{"line":263,"column":7}},"73":{"start":{"line":260,"column":6},"end":{"line":262,"column":9}},"74":{"start":{"line":261,"column":8},"end":{"line":261,"column":29}},"75":{"start":{"line":265,"column":4},"end":{"line":265,"column":16}},"76":{"start":{"line":272,"column":4},"end":{"line":285,"column":5}},"77":{"start":{"line":273,"column":6},"end":{"line":273,"column":19}},"78":{"start":{"line":274,"column":6},"end":{"line":278,"column":9}},"79":{"start":{"line":275,"column":8},"end":{"line":277,"column":11}},"80":{"start":{"line":276,"column":10},"end":{"line":276,"column":24}},"81":{"start":{"line":279,"column":6},"end":{"line":284,"column":9}},"82":{"start":{"line":286,"column":4},"end":{"line":286,"column":23}},"83":{"start":{"line":293,"column":4},"end":{"line":295,"column":43}},"84":{"start":{"line":302,"column":4},"end":{"line":302,"column":43}},"85":{"start":{"line":307,"column":0},"end":{"line":307,"column":22}},"86":{"start":{"line":308,"column":0},"end":{"line":308,"column":24}},"87":{"start":{"line":310,"column":0},"end":{"line":310,"column":21}}},"branchMap":{"1":{"line":92,"type":"binary-expr","locations":[{"start":{"line":92,"column":19},"end":{"line":92,"column":26}},{"start":{"line":92,"column":30},"end":{"line":92,"column":32}}]},"2":{"line":93,"type":"binary-expr","locations":[{"start":{"line":93,"column":18},"end":{"line":93,"column":37}},{"start":{"line":93,"column":41},"end":{"line":93,"column":45}}]},"3":{"line":94,"type":"binary-expr","locations":[{"start":{"line":94,"column":22},"end":{"line":94,"column":45}},{"start":{"line":94,"column":49},"end":{"line":94,"column":53}}]},"4":{"line":96,"type":"binary-expr","locations":[{"start":{"line":96,"column":18},"end":{"line":96,"column":37}},{"start":{"line":96,"column":41},"end":{"line":96,"column":55}},{"start":{"line":96,"column":59},"end":{"line":96,"column":75}}]},"5":{"line":98,"type":"if","locations":[{"start":{"line":98,"column":4},"end":{"line":98,"column":4}},{"start":{"line":98,"column":4},"end":{"line":98,"column":4}}]},"6":{"line":121,"type":"if","locations":[{"start":{"line":121,"column":6},"end":{"line":121,"column":6}},{"start":{"line":121,"column":6},"end":{"line":121,"column":6}}]},"7":{"line":121,"type":"binary-expr","locations":[{"start":{"line":121,"column":10},"end":{"line":121,"column":14}},{"start":{"line":121,"column":18},"end":{"line":121,"column":24}}]},"8":{"line":127,"type":"if","locations":[{"start":{"line":127,"column":10},"end":{"line":127,"column":10}},{"start":{"line":127,"column":10},"end":{"line":127,"column":10}}]},"9":{"line":133,"type":"if","locations":[{"start":{"line":133,"column":10},"end":{"line":133,"column":10}},{"start":{"line":133,"column":10},"end":{"line":133,"column":10}}]},"10":{"line":153,"type":"if","locations":[{"start":{"line":153,"column":4},"end":{"line":153,"column":4}},{"start":{"line":153,"column":4},"end":{"line":153,"column":4}}]},"11":{"line":153,"type":"binary-expr","locations":[{"start":{"line":153,"column":8},"end":{"line":153,"column":15}},{"start":{"line":153,"column":19},"end":{"line":153,"column":38}}]},"12":{"line":169,"type":"if","locations":[{"start":{"line":169,"column":6},"end":{"line":169,"column":6}},{"start":{"line":169,"column":6},"end":{"line":169,"column":6}}]},"13":{"line":171,"type":"if","locations":[{"start":{"line":171,"column":13},"end":{"line":171,"column":13}},{"start":{"line":171,"column":13},"end":{"line":171,"column":13}}]},"14":{"line":178,"type":"if","locations":[{"start":{"line":178,"column":6},"end":{"line":178,"column":6}},{"start":{"line":178,"column":6},"end":{"line":178,"column":6}}]},"15":{"line":178,"type":"binary-expr","locations":[{"start":{"line":178,"column":10},"end":{"line":178,"column":32}},{"start":{"line":178,"column":36},"end":{"line":178,"column":59}}]},"16":{"line":181,"type":"if","locations":[{"start":{"line":181,"column":8},"end":{"line":181,"column":8}},{"start":{"line":181,"column":8},"end":{"line":181,"column":8}}]},"17":{"line":211,"type":"if","locations":[{"start":{"line":211,"column":6},"end":{"line":211,"column":6}},{"start":{"line":211,"column":6},"end":{"line":211,"column":6}}]},"18":{"line":214,"type":"binary-expr","locations":[{"start":{"line":214,"column":15},"end":{"line":214,"column":18}},{"start":{"line":214,"column":22},"end":{"line":214,"column":39}}]},"19":{"line":224,"type":"binary-expr","locations":[{"start":{"line":224,"column":11},"end":{"line":224,"column":54}},{"start":{"line":224,"column":58},"end":{"line":224,"column":75}}]},"20":{"line":272,"type":"if","locations":[{"start":{"line":272,"column":4},"end":{"line":272,"column":4}},{"start":{"line":272,"column":4},"end":{"line":272,"column":4}}]},"21":{"line":283,"type":"binary-expr","locations":[{"start":{"line":283,"column":16},"end":{"line":283,"column":40}},{"start":{"line":283,"column":44},"end":{"line":283,"column":58}}]},"22":{"line":293,"type":"binary-expr","locations":[{"start":{"line":293,"column":11},"end":{"line":293,"column":26}},{"start":{"line":293,"column":30},"end":{"line":295,"column":42}}]},"23":{"line":302,"type":"binary-expr","locations":[{"start":{"line":302,"column":11},"end":{"line":302,"column":22}},{"start":{"line":302,"column":26},"end":{"line":302,"column":42}}]}}},"/Users/baidu/Git/neo/lib/map/checker.js":{"path":"/Users/baidu/Git/neo/lib/map/checker.js","s":{"1":1,"2":1,"3":0,"4":0,"5":0,"6":0,"7":1,"8":7,"9":0,"10":0,"11":7,"12":1,"13":25,"14":7,"15":18,"16":18,"17":18,"18":0,"19":18,"20":7,"21":0,"22":0,"23":7,"24":0,"25":18,"26":18,"27":18,"28":1},"b":{"1":[0,0],"2":[0,7],"3":[7,18],"4":[0,18],"5":[0,7],"6":[0,7]},"f":{"1":0,"2":7,"3":25},"fnMap":{"1":{"name":"(anonymous_1)","line":31,"loc":{"start":{"line":31,"column":11},"end":{"line":31,"column":27}}},"2":{"name":"(anonymous_2)","line":47,"loc":{"start":{"line":47,"column":19},"end":{"line":47,"column":52}}},"3":{"name":"(anonymous_3)","line":62,"loc":{"start":{"line":62,"column":22},"end":{"line":62,"column":60}}}},"statementMap":{"1":{"start":{"line":29,"column":0},"end":{"line":29,"column":25}},"2":{"start":{"line":31,"column":0},"end":{"line":38,"column":2}},"3":{"start":{"line":32,"column":2},"end":{"line":32,"column":35}},"4":{"start":{"line":33,"column":2},"end":{"line":35,"column":3}},"5":{"start":{"line":34,"column":4},"end":{"line":34,"column":18}},"6":{"start":{"line":37,"column":2},"end":{"line":37,"column":15}},"7":{"start":{"line":47,"column":0},"end":{"line":53,"column":2}},"8":{"start":{"line":48,"column":2},"end":{"line":51,"column":3}},"9":{"start":{"line":49,"column":4},"end":{"line":49,"column":23}},"10":{"start":{"line":50,"column":4},"end":{"line":50,"column":16}},"11":{"start":{"line":52,"column":2},"end":{"line":52,"column":15}},"12":{"start":{"line":62,"column":0},"end":{"line":91,"column":2}},"13":{"start":{"line":64,"column":2},"end":{"line":66,"column":3}},"14":{"start":{"line":65,"column":4},"end":{"line":65,"column":16}},"15":{"start":{"line":69,"column":2},"end":{"line":69,"column":36}},"16":{"start":{"line":71,"column":2},"end":{"line":71,"column":21}},"17":{"start":{"line":74,"column":2},"end":{"line":76,"column":3}},"18":{"start":{"line":75,"column":4},"end":{"line":75,"column":24}},"19":{"start":{"line":77,"column":2},"end":{"line":84,"column":3}},"20":{"start":{"line":78,"column":4},"end":{"line":83,"column":5}},"21":{"start":{"line":79,"column":6},"end":{"line":79,"column":18}},"22":{"start":{"line":80,"column":6},"end":{"line":80,"column":19}},"23":{"start":{"line":81,"column":11},"end":{"line":83,"column":5}},"24":{"start":{"line":82,"column":6},"end":{"line":82,"column":19}},"25":{"start":{"line":87,"column":2},"end":{"line":87,"column":14}},"26":{"start":{"line":88,"column":2},"end":{"line":88,"column":25}},"27":{"start":{"line":90,"column":2},"end":{"line":90,"column":14}},"28":{"start":{"line":93,"column":0},"end":{"line":93,"column":38}}},"branchMap":{"1":{"line":33,"type":"binary-expr","locations":[{"start":{"line":33,"column":10},"end":{"line":33,"column":25}},{"start":{"line":33,"column":30},"end":{"line":33,"column":46}}]},"2":{"line":48,"type":"if","locations":[{"start":{"line":48,"column":2},"end":{"line":48,"column":2}},{"start":{"line":48,"column":2},"end":{"line":48,"column":2}}]},"3":{"line":64,"type":"if","locations":[{"start":{"line":64,"column":2},"end":{"line":64,"column":2}},{"start":{"line":64,"column":2},"end":{"line":64,"column":2}}]},"4":{"line":74,"type":"if","locations":[{"start":{"line":74,"column":2},"end":{"line":74,"column":2}},{"start":{"line":74,"column":2},"end":{"line":74,"column":2}}]},"5":{"line":78,"type":"if","locations":[{"start":{"line":78,"column":4},"end":{"line":78,"column":4}},{"start":{"line":78,"column":4},"end":{"line":78,"column":4}}]},"6":{"line":81,"type":"if","locations":[{"start":{"line":81,"column":11},"end":{"line":81,"column":11}},{"start":{"line":81,"column":11},"end":{"line":81,"column":11}}]}}},"/Users/baidu/Git/neo/lib/map/ResourceMap.js":{"path":"/Users/baidu/Git/neo/lib/map/ResourceMap.js","s":{"1":30,"2":30,"3":30,"4":30,"5":30,"6":30,"7":30,"8":38,"9":38,"10":38,"11":18,"12":7,"13":7,"14":30,"15":4,"16":7,"17":18,"18":1,"19":2,"20":2,"21":2,"22":2,"23":113,"24":32,"25":19,"26":19,"27":19,"28":44,"29":19,"30":32,"31":7,"32":7,"33":0,"34":7,"35":14,"36":14,"37":72,"38":72,"39":72,"40":72,"41":37,"42":72,"43":0,"44":0,"45":0,"46":72,"47":72,"48":1,"49":1,"50":1,"51":1,"52":2,"53":2,"54":2,"55":2,"56":2,"57":2,"58":1},"b":{"1":[30,30],"2":[30,23],"3":[38,38],"4":[38,33],"5":[7,11],"6":[4,26],"7":[2,0],"8":[19,13],"9":[44,43],"10":[7,7],"11":[0,7],"12":[72,72],"13":[37,35],"14":[0,72],"15":[2,2],"16":[2,0],"17":[2,2]},"f":{"1":30,"2":38,"3":18,"4":30,"5":1,"6":2,"7":113,"8":32,"9":44,"10":7,"11":14,"12":14,"13":72,"14":1,"15":2},"fnMap":{"1":{"name":"(anonymous_1)","line":37,"loc":{"start":{"line":37,"column":13},"end":{"line":37,"column":36}}},"2":{"name":"(anonymous_2)","line":60,"loc":{"start":{"line":60,"column":13},"end":{"line":60,"column":24}}},"3":{"name":"(anonymous_3)","line":79,"loc":{"start":{"line":79,"column":28},"end":{"line":79,"column":31}}},"4":{"name":"(anonymous_4)","line":82,"loc":{"start":{"line":82,"column":37},"end":{"line":82,"column":56}}},"5":{"name":"(anonymous_5)","line":97,"loc":{"start":{"line":97,"column":29},"end":{"line":97,"column":40}}},"6":{"name":"(anonymous_6)","line":106,"loc":{"start":{"line":106,"column":24},"end":{"line":106,"column":31}}},"7":{"name":"(anonymous_7)","line":120,"loc":{"start":{"line":120,"column":19},"end":{"line":120,"column":26}}},"8":{"name":"(anonymous_8)","line":128,"loc":{"start":{"line":128,"column":17},"end":{"line":128,"column":20}}},"9":{"name":"(anonymous_9)","line":132,"loc":{"start":{"line":132,"column":31},"end":{"line":132,"column":43}}},"10":{"name":"(anonymous_10)","line":145,"loc":{"start":{"line":145,"column":23},"end":{"line":145,"column":30}}},"11":{"name":"(anonymous_11)","line":152,"loc":{"start":{"line":152,"column":11},"end":{"line":152,"column":25}}},"12":{"name":"(anonymous_12)","line":155,"loc":{"start":{"line":155,"column":14},"end":{"line":155,"column":26}}},"13":{"name":"(anonymous_13)","line":164,"loc":{"start":{"line":164,"column":13},"end":{"line":164,"column":24}}},"14":{"name":"(anonymous_14)","line":192,"loc":{"start":{"line":192,"column":16},"end":{"line":192,"column":43}}},"15":{"name":"(anonymous_15)","line":203,"loc":{"start":{"line":203,"column":16},"end":{"line":203,"column":27}}}},"statementMap":{"1":{"start":{"line":39,"column":4},"end":{"line":39,"column":30}},"2":{"start":{"line":41,"column":4},"end":{"line":41,"column":37}},"3":{"start":{"line":43,"column":4},"end":{"line":43,"column":34}},"4":{"start":{"line":45,"column":4},"end":{"line":45,"column":26}},"5":{"start":{"line":47,"column":4},"end":{"line":47,"column":30}},"6":{"start":{"line":49,"column":4},"end":{"line":49,"column":37}},"7":{"start":{"line":51,"column":4},"end":{"line":51,"column":59}},"8":{"start":{"line":61,"column":4},"end":{"line":61,"column":40}},"9":{"start":{"line":62,"column":4},"end":{"line":62,"column":41}},"10":{"start":{"line":63,"column":4},"end":{"line":63,"column":34}},"11":{"start":{"line":80,"column":4},"end":{"line":88,"column":5}},"12":{"start":{"line":81,"column":6},"end":{"line":81,"column":21}},"13":{"start":{"line":82,"column":6},"end":{"line":86,"column":15}},"14":{"start":{"line":83,"column":8},"end":{"line":85,"column":9}},"15":{"start":{"line":84,"column":10},"end":{"line":84,"column":58}},"16":{"start":{"line":87,"column":6},"end":{"line":87,"column":53}},"17":{"start":{"line":89,"column":4},"end":{"line":89,"column":37}},"18":{"start":{"line":98,"column":4},"end":{"line":98,"column":54}},"19":{"start":{"line":107,"column":4},"end":{"line":111,"column":5}},"20":{"start":{"line":108,"column":6},"end":{"line":108,"column":62}},"21":{"start":{"line":109,"column":6},"end":{"line":110,"column":60}},"22":{"start":{"line":112,"column":4},"end":{"line":112,"column":58}},"23":{"start":{"line":121,"column":4},"end":{"line":121,"column":38}},"24":{"start":{"line":129,"column":4},"end":{"line":136,"column":5}},"25":{"start":{"line":130,"column":6},"end":{"line":130,"column":21}},"26":{"start":{"line":131,"column":6},"end":{"line":131,"column":37}},"27":{"start":{"line":132,"column":6},"end":{"line":134,"column":15}},"28":{"start":{"line":133,"column":8},"end":{"line":133,"column":37}},"29":{"start":{"line":135,"column":6},"end":{"line":135,"column":33}},"30":{"start":{"line":137,"column":4},"end":{"line":137,"column":30}},"31":{"start":{"line":146,"column":4},"end":{"line":146,"column":40}},"32":{"start":{"line":147,"column":4},"end":{"line":149,"column":5}},"33":{"start":{"line":148,"column":6},"end":{"line":148,"column":16}},"34":{"start":{"line":151,"column":4},"end":{"line":157,"column":9}},"35":{"start":{"line":153,"column":8},"end":{"line":153,"column":43}},"36":{"start":{"line":156,"column":8},"end":{"line":156,"column":17}},"37":{"start":{"line":165,"column":4},"end":{"line":165,"column":55}},"38":{"start":{"line":166,"column":4},"end":{"line":166,"column":37}},"39":{"start":{"line":167,"column":4},"end":{"line":167,"column":62}},"40":{"start":{"line":168,"column":4},"end":{"line":170,"column":5}},"41":{"start":{"line":169,"column":6},"end":{"line":169,"column":34}},"42":{"start":{"line":173,"column":4},"end":{"line":180,"column":5}},"43":{"start":{"line":174,"column":6},"end":{"line":176,"column":49}},"44":{"start":{"line":178,"column":6},"end":{"line":178,"column":25}},"45":{"start":{"line":179,"column":6},"end":{"line":179,"column":27}},"46":{"start":{"line":183,"column":4},"end":{"line":183,"column":51}},"47":{"start":{"line":184,"column":4},"end":{"line":184,"column":51}},"48":{"start":{"line":193,"column":4},"end":{"line":193,"column":55}},"49":{"start":{"line":194,"column":4},"end":{"line":194,"column":37}},"50":{"start":{"line":195,"column":4},"end":{"line":195,"column":37}},"51":{"start":{"line":196,"column":4},"end":{"line":196,"column":34}},"52":{"start":{"line":204,"column":4},"end":{"line":204,"column":62}},"53":{"start":{"line":205,"column":4},"end":{"line":205,"column":55}},"54":{"start":{"line":206,"column":4},"end":{"line":206,"column":37}},"55":{"start":{"line":207,"column":4},"end":{"line":207,"column":52}},"56":{"start":{"line":209,"column":4},"end":{"line":211,"column":5}},"57":{"start":{"line":210,"column":6},"end":{"line":210,"column":49}},"58":{"start":{"line":215,"column":0},"end":{"line":215,"column":29}}},"branchMap":{"1":{"line":49,"type":"binary-expr","locations":[{"start":{"line":49,"column":21},"end":{"line":49,"column":30}},{"start":{"line":49,"column":34},"end":{"line":49,"column":36}}]},"2":{"line":51,"type":"binary-expr","locations":[{"start":{"line":51,"column":4},"end":{"line":51,"column":13}},{"start":{"line":51,"column":17},"end":{"line":51,"column":58}}]},"3":{"line":61,"type":"binary-expr","locations":[{"start":{"line":61,"column":11},"end":{"line":61,"column":31}},{"start":{"line":61,"column":35},"end":{"line":61,"column":39}}]},"4":{"line":63,"type":"binary-expr","locations":[{"start":{"line":63,"column":11},"end":{"line":63,"column":18}},{"start":{"line":63,"column":22},"end":{"line":63,"column":33}}]},"5":{"line":80,"type":"if","locations":[{"start":{"line":80,"column":4},"end":{"line":80,"column":4}},{"start":{"line":80,"column":4},"end":{"line":80,"column":4}}]},"6":{"line":83,"type":"if","locations":[{"start":{"line":83,"column":8},"end":{"line":83,"column":8}},{"start":{"line":83,"column":8},"end":{"line":83,"column":8}}]},"7":{"line":107,"type":"if","locations":[{"start":{"line":107,"column":4},"end":{"line":107,"column":4}},{"start":{"line":107,"column":4},"end":{"line":107,"column":4}}]},"8":{"line":129,"type":"if","locations":[{"start":{"line":129,"column":4},"end":{"line":129,"column":4}},{"start":{"line":129,"column":4},"end":{"line":129,"column":4}}]},"9":{"line":133,"type":"binary-expr","locations":[{"start":{"line":133,"column":8},"end":{"line":133,"column":14}},{"start":{"line":133,"column":18},"end":{"line":133,"column":36}}]},"10":{"line":146,"type":"binary-expr","locations":[{"start":{"line":146,"column":11},"end":{"line":146,"column":31}},{"start":{"line":146,"column":35},"end":{"line":146,"column":39}}]},"11":{"line":147,"type":"if","locations":[{"start":{"line":147,"column":4},"end":{"line":147,"column":4}},{"start":{"line":147,"column":4},"end":{"line":147,"column":4}}]},"12":{"line":167,"type":"binary-expr","locations":[{"start":{"line":167,"column":15},"end":{"line":167,"column":44}},{"start":{"line":167,"column":48},"end":{"line":167,"column":61}}]},"13":{"line":168,"type":"if","locations":[{"start":{"line":168,"column":4},"end":{"line":168,"column":4}},{"start":{"line":168,"column":4},"end":{"line":168,"column":4}}]},"14":{"line":173,"type":"if","locations":[{"start":{"line":173,"column":4},"end":{"line":173,"column":4}},{"start":{"line":173,"column":4},"end":{"line":173,"column":4}}]},"15":{"line":204,"type":"binary-expr","locations":[{"start":{"line":204,"column":15},"end":{"line":204,"column":44}},{"start":{"line":204,"column":48},"end":{"line":204,"column":61}}]},"16":{"line":209,"type":"if","locations":[{"start":{"line":209,"column":4},"end":{"line":209,"column":4}},{"start":{"line":209,"column":4},"end":{"line":209,"column":4}}]},"17":{"line":209,"type":"binary-expr","locations":[{"start":{"line":209,"column":8},"end":{"line":209,"column":30}},{"start":{"line":209,"column":34},"end":{"line":209,"column":69}}]}}},"/Users/baidu/Git/neo/lib/FileFinder.js":{"path":"/Users/baidu/Git/neo/lib/FileFinder.js","s":{"1":1,"2":1,"3":1,"4":5,"5":5,"6":1,"7":6,"8":6,"9":6,"10":6,"11":32,"12":6,"13":32,"14":0,"15":32,"16":32,"17":32,"18":32,"19":32,"20":1,"21":31,"22":31,"23":21,"24":32,"25":5,"26":6,"27":0,"28":5,"29":1,"30":2,"31":2,"32":0,"33":2,"34":2,"35":2,"36":2,"37":2,"38":0,"39":2,"40":2,"41":2,"42":2,"43":2,"44":2,"45":2,"46":2,"47":2,"48":2,"49":0,"50":0,"51":0,"52":2,"53":2,"54":2,"55":6,"56":6,"57":6,"58":6,"59":2,"60":1,"61":5,"62":5,"63":5,"64":5,"65":1,"66":5,"67":5,"68":1,"69":1,"70":1},"b":{"1":[0,32],"2":[32,28],"3":[32,0],"4":[32,32,32],"5":[1,31],"6":[21,10],"7":[5,27],"8":[0,6],"9":[0,2],"10":[0,2],"11":[0,2],"12":[6,0],"13":[6,6],"14":[2,4],"15":[5,5,0],"16":[5,5,0],"17":[5,5,1],"18":[5,5,4],"19":[1,4]},"f":{"1":5,"2":6,"3":6,"4":32,"5":32,"6":2,"7":2,"8":2,"9":2,"10":0,"11":6,"12":6,"13":5,"14":5},"fnMap":{"1":{"name":"find","line":19,"loc":{"start":{"line":19,"column":0},"end":{"line":19,"column":54}}},"2":{"name":"readdirRecursive","line":27,"loc":{"start":{"line":27,"column":2},"end":{"line":27,"column":36}}},"3":{"name":"(anonymous_3)","line":29,"loc":{"start":{"line":29,"column":23},"end":{"line":29,"column":45}}},"4":{"name":"(anonymous_4)","line":37,"loc":{"start":{"line":37,"column":20},"end":{"line":37,"column":38}}},"5":{"name":"(anonymous_5)","line":43,"loc":{"start":{"line":43,"column":26},"end":{"line":43,"column":46}}},"6":{"name":"findNative","line":83,"loc":{"start":{"line":83,"column":0},"end":{"line":83,"column":60}}},"7":{"name":"(anonymous_7)","line":92,"loc":{"start":{"line":92,"column":21},"end":{"line":92,"column":43}}},"8":{"name":"(anonymous_8)","line":103,"loc":{"start":{"line":103,"column":32},"end":{"line":103,"column":47}}},"9":{"name":"(anonymous_9)","line":107,"loc":{"start":{"line":107,"column":33},"end":{"line":107,"column":48}}},"10":{"name":"(anonymous_10)","line":111,"loc":{"start":{"line":111,"column":20},"end":{"line":111,"column":32}}},"11":{"name":"(anonymous_11)","line":120,"loc":{"start":{"line":120,"column":18},"end":{"line":120,"column":33}}},"12":{"name":"(anonymous_12)","line":121,"loc":{"start":{"line":121,"column":20},"end":{"line":121,"column":40}}},"13":{"name":"FileFinder","line":138,"loc":{"start":{"line":138,"column":0},"end":{"line":138,"column":29}}},"14":{"name":"(anonymous_14)","line":148,"loc":{"start":{"line":148,"column":28},"end":{"line":148,"column":47}}}},"statementMap":{"1":{"start":{"line":7,"column":0},"end":{"line":7,"column":23}},"2":{"start":{"line":8,"column":0},"end":{"line":8,"column":27}},"3":{"start":{"line":19,"column":0},"end":{"line":70,"column":1}},"4":{"start":{"line":20,"column":2},"end":{"line":20,"column":18}},"5":{"start":{"line":21,"column":2},"end":{"line":21,"column":22}},"6":{"start":{"line":27,"column":2},"end":{"line":67,"column":3}},"7":{"start":{"line":28,"column":4},"end":{"line":28,"column":18}},"8":{"start":{"line":29,"column":4},"end":{"line":66,"column":7}},"9":{"start":{"line":30,"column":6},"end":{"line":30,"column":20}},"10":{"start":{"line":33,"column":6},"end":{"line":35,"column":7}},"11":{"start":{"line":34,"column":8},"end":{"line":34,"column":47}},"12":{"start":{"line":37,"column":6},"end":{"line":61,"column":9}},"13":{"start":{"line":38,"column":8},"end":{"line":40,"column":9}},"14":{"start":{"line":39,"column":10},"end":{"line":39,"column":17}},"15":{"start":{"line":41,"column":8},"end":{"line":41,"column":22}},"16":{"start":{"line":43,"column":8},"end":{"line":60,"column":11}},"17":{"start":{"line":44,"column":10},"end":{"line":44,"column":24}},"18":{"start":{"line":46,"column":10},"end":{"line":56,"column":11}},"19":{"start":{"line":47,"column":12},"end":{"line":55,"column":13}},"20":{"start":{"line":48,"column":14},"end":{"line":48,"column":40}},"21":{"start":{"line":50,"column":14},"end":{"line":50,"column":46}},"22":{"start":{"line":52,"column":14},"end":{"line":54,"column":15}},"23":{"start":{"line":53,"column":16},"end":{"line":53,"column":61}},"24":{"start":{"line":57,"column":10},"end":{"line":59,"column":11}},"25":{"start":{"line":58,"column":12},"end":{"line":58,"column":29}},"26":{"start":{"line":63,"column":6},"end":{"line":65,"column":7}},"27":{"start":{"line":64,"column":8},"end":{"line":64,"column":25}},"28":{"start":{"line":69,"column":2},"end":{"line":69,"column":37}},"29":{"start":{"line":83,"column":0},"end":{"line":131,"column":1}},"30":{"start":{"line":84,"column":2},"end":{"line":84,"column":25}},"31":{"start":{"line":85,"column":2},"end":{"line":87,"column":3}},"32":{"start":{"line":86,"column":4},"end":{"line":86,"column":56}},"33":{"start":{"line":89,"column":2},"end":{"line":89,"column":45}},"34":{"start":{"line":90,"column":2},"end":{"line":90,"column":33}},"35":{"start":{"line":91,"column":2},"end":{"line":91,"column":26}},"36":{"start":{"line":92,"column":2},"end":{"line":98,"column":5}},"37":{"start":{"line":93,"column":4},"end":{"line":95,"column":5}},"38":{"start":{"line":94,"column":6},"end":{"line":94,"column":22}},"39":{"start":{"line":96,"column":4},"end":{"line":96,"column":24}},"40":{"start":{"line":97,"column":4},"end":{"line":97,"column":25}},"41":{"start":{"line":100,"column":2},"end":{"line":100,"column":40}},"42":{"start":{"line":101,"column":2},"end":{"line":101,"column":18}},"43":{"start":{"line":102,"column":2},"end":{"line":102,"column":42}},"44":{"start":{"line":103,"column":2},"end":{"line":105,"column":5}},"45":{"start":{"line":104,"column":4},"end":{"line":104,"column":19}},"46":{"start":{"line":107,"column":2},"end":{"line":130,"column":5}},"47":{"start":{"line":109,"column":4},"end":{"line":109,"column":42}},"48":{"start":{"line":110,"column":4},"end":{"line":115,"column":5}},"49":{"start":{"line":111,"column":6},"end":{"line":113,"column":8}},"50":{"start":{"line":112,"column":8},"end":{"line":112,"column":26}},"51":{"start":{"line":114,"column":6},"end":{"line":114,"column":36}},"52":{"start":{"line":117,"column":4},"end":{"line":117,"column":20}},"53":{"start":{"line":118,"column":4},"end":{"line":118,"column":29}},"54":{"start":{"line":120,"column":4},"end":{"line":129,"column":7}},"55":{"start":{"line":121,"column":6},"end":{"line":128,"column":9}},"56":{"start":{"line":122,"column":8},"end":{"line":124,"column":9}},"57":{"start":{"line":123,"column":10},"end":{"line":123,"column":52}},"58":{"start":{"line":125,"column":8},"end":{"line":127,"column":9}},"59":{"start":{"line":126,"column":10},"end":{"line":126,"column":27}},"60":{"start":{"line":138,"column":0},"end":{"line":143,"column":1}},"61":{"start":{"line":139,"column":2},"end":{"line":139,"column":55}},"62":{"start":{"line":140,"column":2},"end":{"line":140,"column":69}},"63":{"start":{"line":141,"column":2},"end":{"line":141,"column":50}},"64":{"start":{"line":142,"column":2},"end":{"line":142,"column":57}},"65":{"start":{"line":148,"column":0},"end":{"line":151,"column":2}},"66":{"start":{"line":149,"column":2},"end":{"line":149,"column":48}},"67":{"start":{"line":150,"column":2},"end":{"line":150,"column":62}},"68":{"start":{"line":153,"column":0},"end":{"line":153,"column":23}},"69":{"start":{"line":154,"column":0},"end":{"line":154,"column":35}},"70":{"start":{"line":157,"column":0},"end":{"line":157,"column":28}}},"branchMap":{"1":{"line":38,"type":"if","locations":[{"start":{"line":38,"column":8},"end":{"line":38,"column":8}},{"start":{"line":38,"column":8},"end":{"line":38,"column":8}}]},"2":{"line":38,"type":"binary-expr","locations":[{"start":{"line":38,"column":12},"end":{"line":38,"column":18}},{"start":{"line":38,"column":22},"end":{"line":38,"column":37}}]},"3":{"line":46,"type":"if","locations":[{"start":{"line":46,"column":10},"end":{"line":46,"column":10}},{"start":{"line":46,"column":10},"end":{"line":46,"column":10}}]},"4":{"line":46,"type":"binary-expr","locations":[{"start":{"line":46,"column":14},"end":{"line":46,"column":18}},{"start":{"line":46,"column":22},"end":{"line":46,"column":26}},{"start":{"line":46,"column":30},"end":{"line":46,"column":52}}]},"5":{"line":47,"type":"if","locations":[{"start":{"line":47,"column":12},"end":{"line":47,"column":12}},{"start":{"line":47,"column":12},"end":{"line":47,"column":12}}]},"6":{"line":52,"type":"if","locations":[{"start":{"line":52,"column":14},"end":{"line":52,"column":14}},{"start":{"line":52,"column":14},"end":{"line":52,"column":14}}]},"7":{"line":57,"type":"if","locations":[{"start":{"line":57,"column":10},"end":{"line":57,"column":10}},{"start":{"line":57,"column":10},"end":{"line":57,"column":10}}]},"8":{"line":63,"type":"if","locations":[{"start":{"line":63,"column":6},"end":{"line":63,"column":6}},{"start":{"line":63,"column":6},"end":{"line":63,"column":6}}]},"9":{"line":85,"type":"if","locations":[{"start":{"line":85,"column":2},"end":{"line":85,"column":2}},{"start":{"line":85,"column":2},"end":{"line":85,"column":2}}]},"10":{"line":93,"type":"if","locations":[{"start":{"line":93,"column":4},"end":{"line":93,"column":4}},{"start":{"line":93,"column":4},"end":{"line":93,"column":4}}]},"11":{"line":110,"type":"if","locations":[{"start":{"line":110,"column":4},"end":{"line":110,"column":4}},{"start":{"line":110,"column":4},"end":{"line":110,"column":4}}]},"12":{"line":122,"type":"if","locations":[{"start":{"line":122,"column":8},"end":{"line":122,"column":8}},{"start":{"line":122,"column":8},"end":{"line":122,"column":8}}]},"13":{"line":122,"type":"binary-expr","locations":[{"start":{"line":122,"column":12},"end":{"line":122,"column":16}},{"start":{"line":122,"column":20},"end":{"line":122,"column":39}}]},"14":{"line":125,"type":"if","locations":[{"start":{"line":125,"column":8},"end":{"line":125,"column":8}},{"start":{"line":125,"column":8},"end":{"line":125,"column":8}}]},"15":{"line":139,"type":"binary-expr","locations":[{"start":{"line":139,"column":18},"end":{"line":139,"column":25}},{"start":{"line":139,"column":29},"end":{"line":139,"column":45}},{"start":{"line":139,"column":49},"end":{"line":139,"column":54}}]},"16":{"line":140,"type":"binary-expr","locations":[{"start":{"line":140,"column":20},"end":{"line":140,"column":27}},{"start":{"line":140,"column":31},"end":{"line":140,"column":49}},{"start":{"line":140,"column":53},"end":{"line":140,"column":68}}]},"17":{"line":141,"type":"binary-expr","locations":[{"start":{"line":141,"column":16},"end":{"line":141,"column":23}},{"start":{"line":141,"column":27},"end":{"line":141,"column":41}},{"start":{"line":141,"column":45},"end":{"line":141,"column":49}}]},"18":{"line":142,"type":"binary-expr","locations":[{"start":{"line":142,"column":19},"end":{"line":142,"column":26}},{"start":{"line":142,"column":30},"end":{"line":142,"column":47}},{"start":{"line":142,"column":51},"end":{"line":142,"column":56}}]},"19":{"line":149,"type":"cond-expr","locations":[{"start":{"line":149,"column":30},"end":{"line":149,"column":40}},{"start":{"line":149,"column":43},"end":{"line":149,"column":47}}]}}},"/Users/baidu/Git/neo/lib/MapUpdateTask.js":{"path":"/Users/baidu/Git/neo/lib/MapUpdateTask.js","s":{"1":1,"2":1,"3":1,"4":1,"5":1,"6":11,"7":11,"8":30,"9":30,"10":11,"11":11,"12":11,"13":11,"14":11,"15":11,"16":11,"17":11,"18":11,"19":11,"20":9,"21":0,"22":11,"23":11,"24":4,"25":4,"26":4,"27":4,"28":4,"29":4,"30":4,"31":4,"32":4,"33":4,"34":4,"35":4,"36":4,"37":18,"38":18,"39":18,"40":4,"41":4,"42":4,"43":18,"44":18,"45":18,"46":18,"47":18,"48":18,"49":0,"50":0,"51":4,"52":0,"53":0,"54":4,"55":4,"56":4,"57":4,"58":4,"59":18,"60":4,"61":0,"62":0,"63":0,"64":0,"65":4,"66":4,"67":4,"68":0,"69":4,"70":0,"71":0,"72":0,"73":0,"74":4,"75":4,"76":0,"77":0,"78":0,"79":0,"80":0,"81":0,"82":0,"83":0,"84":0,"85":0,"86":4,"87":4,"88":0,"89":0,"90":4,"91":18,"92":0,"93":4,"94":4,"95":18,"96":18,"97":4,"98":4,"99":4,"100":18,"101":4,"102":18,"103":18,"104":18,"105":18,"106":4,"107":4,"108":4,"109":4,"110":4,"111":4,"112":5,"113":1,"114":5,"115":4,"116":4,"117":18,"118":18,"119":21,"120":18,"121":18,"122":4,"123":4,"124":5,"125":4,"126":0,"127":4,"128":4,"129":18,"130":0,"131":18,"132":0,"133":18,"134":18,"135":4,"136":4,"137":1},"b":{"1":[11,4,11],"2":[11,4,11],"3":[0,9],"4":[11,0],"5":[18,0],"6":[18,0],"7":[18,0],"8":[0,0],"9":[0,0],"10":[0,0],"11":[0,0],"12":[0,4],"13":[0,0],"14":[0,4],"15":[0,0],"16":[0,4],"17":[0,0],"18":[18,18],"19":[18,0],"20":[4,1],"21":[18,0],"22":[18,3],"23":[0,4],"24":[0,18],"25":[0,18],"26":[18,18],"27":[18,0]},"f":{"1":11,"2":9,"3":4,"4":4,"5":4,"6":4,"7":4,"8":4,"9":18,"10":4,"11":18,"12":0,"13":4,"14":4,"15":18,"16":0,"17":4,"18":0,"19":0,"20":0,"21":0,"22":4,"23":18,"24":0,"25":18,"26":18,"27":4,"28":18,"29":18,"30":4,"31":5,"32":4,"33":18},"fnMap":{"1":{"name":"(anonymous_1)","line":45,"loc":{"start":{"line":45,"column":13},"end":{"line":45,"column":44}}},"2":{"name":"(anonymous_2)","line":69,"loc":{"start":{"line":69,"column":25},"end":{"line":69,"column":42}}},"3":{"name":"(anonymous_3)","line":80,"loc":{"start":{"line":80,"column":5},"end":{"line":80,"column":8}}},"4":{"name":"(anonymous_4)","line":83,"loc":{"start":{"line":83,"column":26},"end":{"line":83,"column":37}}},"5":{"name":"(anonymous_5)","line":87,"loc":{"start":{"line":87,"column":40},"end":{"line":87,"column":51}}},"6":{"name":"(anonymous_6)","line":90,"loc":{"start":{"line":90,"column":28},"end":{"line":90,"column":39}}},"7":{"name":"(anonymous_7)","line":94,"loc":{"start":{"line":94,"column":25},"end":{"line":94,"column":36}}},"8":{"name":"(anonymous_8)","line":98,"loc":{"start":{"line":98,"column":29},"end":{"line":98,"column":40}}},"9":{"name":"(anonymous_9)","line":116,"loc":{"start":{"line":116,"column":15},"end":{"line":116,"column":45}}},"10":{"name":"(anonymous_10)","line":132,"loc":{"start":{"line":132,"column":18},"end":{"line":132,"column":29}}},"11":{"name":"(anonymous_11)","line":136,"loc":{"start":{"line":136,"column":23},"end":{"line":136,"column":38}}},"12":{"name":"(anonymous_12)","line":151,"loc":{"start":{"line":151,"column":39},"end":{"line":151,"column":58}}},"13":{"name":"(anonymous_13)","line":158,"loc":{"start":{"line":158,"column":21},"end":{"line":158,"column":32}}},"14":{"name":"(anonymous_14)","line":168,"loc":{"start":{"line":168,"column":30},"end":{"line":168,"column":41}}},"15":{"name":"(anonymous_15)","line":175,"loc":{"start":{"line":175,"column":52},"end":{"line":175,"column":69}}},"16":{"name":"(anonymous_16)","line":180,"loc":{"start":{"line":180,"column":34},"end":{"line":180,"column":51}}},"17":{"name":"(anonymous_17)","line":191,"loc":{"start":{"line":191,"column":15},"end":{"line":191,"column":26}}},"18":{"name":"(anonymous_18)","line":194,"loc":{"start":{"line":194,"column":23},"end":{"line":194,"column":42}}},"19":{"name":"(anonymous_19)","line":201,"loc":{"start":{"line":201,"column":27},"end":{"line":201,"column":42}}},"20":{"name":"(anonymous_20)","line":218,"loc":{"start":{"line":218,"column":21},"end":{"line":218,"column":38}}},"21":{"name":"(anonymous_21)","line":220,"loc":{"start":{"line":220,"column":46},"end":{"line":220,"column":65}}},"22":{"name":"(anonymous_22)","line":242,"loc":{"start":{"line":242,"column":16},"end":{"line":242,"column":27}}},"23":{"name":"(anonymous_23)","line":249,"loc":{"start":{"line":249,"column":14},"end":{"line":249,"column":29}}},"24":{"name":"(anonymous_24)","line":252,"loc":{"start":{"line":252,"column":11},"end":{"line":252,"column":26}}},"25":{"name":"(anonymous_25)","line":261,"loc":{"start":{"line":261,"column":14},"end":{"line":261,"column":31}}},"26":{"name":"(anonymous_26)","line":263,"loc":{"start":{"line":263,"column":13},"end":{"line":263,"column":25}}},"27":{"name":"(anonymous_27)","line":275,"loc":{"start":{"line":275,"column":28},"end":{"line":275,"column":57}}},"28":{"name":"(anonymous_28)","line":276,"loc":{"start":{"line":276,"column":35},"end":{"line":276,"column":47}}},"29":{"name":"(anonymous_29)","line":277,"loc":{"start":{"line":277,"column":24},"end":{"line":277,"column":43}}},"30":{"name":"(anonymous_30)","line":295,"loc":{"start":{"line":295,"column":13},"end":{"line":295,"column":24}}},"31":{"name":"finished","line":303,"loc":{"start":{"line":303,"column":4},"end":{"line":303,"column":24}}},"32":{"name":"(anonymous_32)","line":335,"loc":{"start":{"line":335,"column":11},"end":{"line":335,"column":22}}},"33":{"name":"(anonymous_33)","line":337,"loc":{"start":{"line":337,"column":25},"end":{"line":337,"column":42}}}},"statementMap":{"1":{"start":{"line":29,"column":0},"end":{"line":29,"column":32}},"2":{"start":{"line":30,"column":0},"end":{"line":30,"column":50}},"3":{"start":{"line":32,"column":0},"end":{"line":33,"column":51}},"4":{"start":{"line":34,"column":0},"end":{"line":34,"column":55}},"5":{"start":{"line":35,"column":0},"end":{"line":35,"column":57}},"6":{"start":{"line":46,"column":4},"end":{"line":46,"column":12}},"7":{"start":{"line":49,"column":4},"end":{"line":52,"column":7}},"8":{"start":{"line":50,"column":6},"end":{"line":50,"column":45}},"9":{"start":{"line":51,"column":6},"end":{"line":51,"column":18}},"10":{"start":{"line":53,"column":4},"end":{"line":53,"column":19}},"11":{"start":{"line":54,"column":4},"end":{"line":54,"column":27}},"12":{"start":{"line":55,"column":4},"end":{"line":55,"column":36}},"13":{"start":{"line":56,"column":4},"end":{"line":56,"column":63}},"14":{"start":{"line":57,"column":4},"end":{"line":57,"column":61}},"15":{"start":{"line":60,"column":4},"end":{"line":60,"column":22}},"16":{"start":{"line":62,"column":4},"end":{"line":62,"column":27}},"17":{"start":{"line":64,"column":4},"end":{"line":64,"column":32}},"18":{"start":{"line":66,"column":4},"end":{"line":66,"column":22}},"19":{"start":{"line":69,"column":4},"end":{"line":73,"column":13}},"20":{"start":{"line":70,"column":6},"end":{"line":72,"column":7}},"21":{"start":{"line":71,"column":8},"end":{"line":71,"column":42}},"22":{"start":{"line":75,"column":4},"end":{"line":77,"column":5}},"23":{"start":{"line":76,"column":6},"end":{"line":76,"column":66}},"24":{"start":{"line":81,"column":4},"end":{"line":81,"column":20}},"25":{"start":{"line":83,"column":4},"end":{"line":105,"column":7}},"26":{"start":{"line":85,"column":6},"end":{"line":85,"column":47}},"27":{"start":{"line":87,"column":6},"end":{"line":104,"column":9}},"28":{"start":{"line":89,"column":8},"end":{"line":89,"column":43}},"29":{"start":{"line":90,"column":8},"end":{"line":103,"column":11}},"30":{"start":{"line":92,"column":10},"end":{"line":92,"column":46}},"31":{"start":{"line":94,"column":10},"end":{"line":102,"column":13}},"32":{"start":{"line":96,"column":12},"end":{"line":96,"column":50}},"33":{"start":{"line":98,"column":12},"end":{"line":101,"column":15}},"34":{"start":{"line":99,"column":14},"end":{"line":99,"column":51}},"35":{"start":{"line":100,"column":14},"end":{"line":100,"column":46}},"36":{"start":{"line":107,"column":4},"end":{"line":107,"column":16}},"37":{"start":{"line":117,"column":4},"end":{"line":117,"column":47}},"38":{"start":{"line":118,"column":4},"end":{"line":125,"column":5}},"39":{"start":{"line":119,"column":6},"end":{"line":124,"column":9}},"40":{"start":{"line":133,"column":4},"end":{"line":133,"column":20}},"41":{"start":{"line":135,"column":4},"end":{"line":135,"column":21}},"42":{"start":{"line":136,"column":4},"end":{"line":149,"column":13}},"43":{"start":{"line":138,"column":6},"end":{"line":138,"column":29}},"44":{"start":{"line":139,"column":6},"end":{"line":139,"column":26}},"45":{"start":{"line":141,"column":6},"end":{"line":141,"column":31}},"46":{"start":{"line":142,"column":6},"end":{"line":142,"column":58}},"47":{"start":{"line":144,"column":6},"end":{"line":148,"column":7}},"48":{"start":{"line":145,"column":8},"end":{"line":145,"column":50}},"49":{"start":{"line":146,"column":13},"end":{"line":148,"column":7}},"50":{"start":{"line":147,"column":8},"end":{"line":147,"column":54}},"51":{"start":{"line":151,"column":4},"end":{"line":155,"column":13}},"52":{"start":{"line":152,"column":6},"end":{"line":154,"column":7}},"53":{"start":{"line":153,"column":8},"end":{"line":153,"column":59}},"54":{"start":{"line":158,"column":4},"end":{"line":160,"column":7}},"55":{"start":{"line":159,"column":6},"end":{"line":159,"column":26}},"56":{"start":{"line":170,"column":4},"end":{"line":170,"column":20}},"57":{"start":{"line":172,"column":4},"end":{"line":172,"column":22}},"58":{"start":{"line":175,"column":4},"end":{"line":177,"column":13}},"59":{"start":{"line":176,"column":6},"end":{"line":176,"column":61}},"60":{"start":{"line":180,"column":4},"end":{"line":189,"column":7}},"61":{"start":{"line":182,"column":6},"end":{"line":184,"column":7}},"62":{"start":{"line":183,"column":8},"end":{"line":183,"column":28}},"63":{"start":{"line":186,"column":6},"end":{"line":188,"column":7}},"64":{"start":{"line":187,"column":8},"end":{"line":187,"column":42}},"65":{"start":{"line":191,"column":4},"end":{"line":213,"column":17}},"66":{"start":{"line":192,"column":6},"end":{"line":192,"column":35}},"67":{"start":{"line":194,"column":6},"end":{"line":197,"column":15}},"68":{"start":{"line":195,"column":8},"end":{"line":196,"column":59}},"69":{"start":{"line":199,"column":6},"end":{"line":209,"column":7}},"70":{"start":{"line":200,"column":8},"end":{"line":200,"column":101}},"71":{"start":{"line":201,"column":8},"end":{"line":208,"column":17}},"72":{"start":{"line":202,"column":10},"end":{"line":207,"column":11}},"73":{"start":{"line":203,"column":12},"end":{"line":206,"column":51}},"74":{"start":{"line":211,"column":6},"end":{"line":211,"column":26}},"75":{"start":{"line":215,"column":4},"end":{"line":235,"column":5}},"76":{"start":{"line":216,"column":6},"end":{"line":216,"column":34}},"77":{"start":{"line":217,"column":6},"end":{"line":217,"column":20}},"78":{"start":{"line":218,"column":6},"end":{"line":232,"column":15}},"79":{"start":{"line":219,"column":8},"end":{"line":231,"column":13}},"80":{"start":{"line":221,"column":12},"end":{"line":221,"column":42}},"81":{"start":{"line":222,"column":12},"end":{"line":222,"column":42}},"82":{"start":{"line":225,"column":12},"end":{"line":225,"column":59}},"83":{"start":{"line":227,"column":12},"end":{"line":227,"column":36}},"84":{"start":{"line":228,"column":12},"end":{"line":230,"column":13}},"85":{"start":{"line":229,"column":14},"end":{"line":229,"column":21}},"86":{"start":{"line":234,"column":6},"end":{"line":234,"column":13}},"87":{"start":{"line":243,"column":4},"end":{"line":246,"column":5}},"88":{"start":{"line":244,"column":6},"end":{"line":244,"column":26}},"89":{"start":{"line":245,"column":6},"end":{"line":245,"column":13}},"90":{"start":{"line":248,"column":4},"end":{"line":255,"column":15}},"91":{"start":{"line":250,"column":8},"end":{"line":250,"column":59}},"92":{"start":{"line":253,"column":8},"end":{"line":254,"column":46}},"93":{"start":{"line":257,"column":4},"end":{"line":257,"column":53}},"94":{"start":{"line":260,"column":4},"end":{"line":265,"column":9}},"95":{"start":{"line":262,"column":8},"end":{"line":262,"column":53}},"96":{"start":{"line":264,"column":8},"end":{"line":264,"column":22}},"97":{"start":{"line":267,"column":4},"end":{"line":273,"column":9}},"98":{"start":{"line":275,"column":4},"end":{"line":288,"column":18}},"99":{"start":{"line":276,"column":6},"end":{"line":276,"column":64}},"100":{"start":{"line":276,"column":49},"end":{"line":276,"column":60}},"101":{"start":{"line":277,"column":6},"end":{"line":283,"column":15}},"102":{"start":{"line":278,"column":8},"end":{"line":278,"column":54}},"103":{"start":{"line":279,"column":8},"end":{"line":282,"column":9}},"104":{"start":{"line":280,"column":10},"end":{"line":280,"column":40}},"105":{"start":{"line":281,"column":10},"end":{"line":281,"column":40}},"106":{"start":{"line":285,"column":6},"end":{"line":285,"column":29}},"107":{"start":{"line":286,"column":6},"end":{"line":286,"column":26}},"108":{"start":{"line":296,"column":4},"end":{"line":296,"column":20}},"109":{"start":{"line":297,"column":4},"end":{"line":297,"column":20}},"110":{"start":{"line":298,"column":4},"end":{"line":298,"column":31}},"111":{"start":{"line":301,"column":4},"end":{"line":301,"column":46}},"112":{"start":{"line":301,"column":42},"end":{"line":301,"column":44}},"113":{"start":{"line":303,"column":4},"end":{"line":307,"column":5}},"114":{"start":{"line":304,"column":6},"end":{"line":306,"column":7}},"115":{"start":{"line":305,"column":8},"end":{"line":305,"column":28}},"116":{"start":{"line":309,"column":4},"end":{"line":318,"column":7}},"117":{"start":{"line":310,"column":6},"end":{"line":317,"column":7}},"118":{"start":{"line":311,"column":8},"end":{"line":316,"column":9}},"119":{"start":{"line":312,"column":10},"end":{"line":315,"column":11}},"120":{"start":{"line":313,"column":12},"end":{"line":313,"column":54}},"121":{"start":{"line":314,"column":12},"end":{"line":314,"column":18}},"122":{"start":{"line":320,"column":4},"end":{"line":320,"column":35}},"123":{"start":{"line":322,"column":4},"end":{"line":324,"column":7}},"124":{"start":{"line":323,"column":6},"end":{"line":323,"column":64}},"125
[...]
n":31},"end":{"line":221,"column":44}},{"start":{"line":221,"column":48},"end":{"line":221,"column":59}}]},"11":{"line":226,"type":"if","locations":[{"start":{"line":226,"column":4},"end":{"line":226,"column":4}},{"start":{"line":226,"column":4},"end":{"line":226,"column":4}}]},"12":{"line":226,"type":"binary-expr","locations":[{"start":{"line":226,"column":8},"end":{"line":226,"column":21}},{"start":{"line":226,"column":25},"end":{"line":226,"column":37}}]},"13":{"line":232,"type":"binary-expr","locations":[{"start":{"line":232,"column":6},"end":{"line":232,"column":26}},{"start":{"line":233,"column":6},"end":{"line":233,"column":49}}]},"14":{"line":237,"type":"if","locations":[{"start":{"line":237,"column":4},"end":{"line":237,"column":4}},{"start":{"line":237,"column":4},"end":{"line":237,"column":4}}]},"15":{"line":237,"type":"binary-expr","locations":[{"start":{"line":237,"column":8},"end":{"line":237,"column":24}},{"start":{"line":237,"column":28},"end":{"line":237,"column":47}}]},"16":{"line":238,"type":"if","locations":[{"start":{"line":238,"column":6},"end":{"line":238,"column":6}},{"start":{"line":238,"column":6},"end":{"line":238,"column":6}}]},"17":{"line":240,"type":"if","locations":[{"start":{"line":240,"column":8},"end":{"line":240,"column":8}},{"start":{"line":240,"column":8},"end":{"line":240,"column":8}}]}}},"/Users/baidu/Git/neo/lib/parser/jsParser.js":{"path":"/Users/baidu/Git/neo/lib/parser/jsParser.js","s":{"1":1,"2":1,"3":1,"4":1,"5":1,"6":1,"7":9,"8":9,"9":9,"10":9,"11":16,"12":15,"13":9,"14":1,"15":6,"16":6,"17":6,"18":6,"19":1,"20":9,"21":6,"22":7,"23":6,"24":6,"25":6,"26":6,"27":7,"28":6,"29":1,"30":15,"31":6,"32":9,"33":1,"34":13,"35":7,"36":6,"37":1,"38":1,"39":1},"b":{"1":[15,1],"2":[16,13,12],"3":[6,1],"4":[7,5],"5":[6,0,0],"6":[6,0],"7":[6,9],"8":[7,6]},"f":{"1":9,"2":6,"3":9,"4":15,"5":13},"fnMap":{"1":{"name":"extractStrings","line":42,"loc":{"start":{"line":42,"column":0},"end":{"line":42,"column":44}}},"2":{"name":"extractStringArrays","line":68,"loc":{"start":{"line":68,"column":0},"end":{"line":68,"column":57}}},"3":{"name":"record","line":82,"loc":{"start":{"line":82,"column":2},"end":{"line":82,"column":23}}},"4":{"name":"requireCalls","line":108,"loc":{"start":{"line":108,"column":0},"end":{"line":108,"column":28}}},"5":{"name":"requireAsyncCalls","line":120,"loc":{"start":{"line":120,"column":0},"end":{"line":120,"column":33}}}},"statementMap":{"1":{"start":{"line":29,"column":0},"end":{"line":29,"column":33}},"2":{"start":{"line":30,"column":0},"end":{"line":30,"column":43}},"3":{"start":{"line":31,"column":0},"end":{"line":31,"column":41}},"4":{"start":{"line":32,"column":0},"end":{"line":32,"column":33}},"5":{"start":{"line":33,"column":0},"end":{"line":33,"column":43}},"6":{"start":{"line":42,"column":0},"end":{"line":58,"column":1}},"7":{"start":{"line":44,"column":2},"end":{"line":46,"column":32}},"8":{"start":{"line":48,"column":2},"end":{"line":48,"column":12}},"9":{"start":{"line":49,"column":2},"end":{"line":49,"column":19}},"10":{"start":{"line":50,"column":2},"end":{"line":56,"column":3}},"11":{"start":{"line":52,"column":4},"end":{"line":55,"column":5}},"12":{"start":{"line":54,"column":6},"end":{"line":54,"column":32}},"13":{"start":{"line":57,"column":2},"end":{"line":57,"column":30}},"14":{"start":{"line":68,"column":0},"end":{"line":101,"column":1}},"15":{"start":{"line":70,"column":2},"end":{"line":72,"column":32}},"16":{"start":{"line":74,"column":2},"end":{"line":74,"column":31}},"17":{"start":{"line":75,"column":2},"end":{"line":75,"column":19}},"18":{"start":{"line":76,"column":2},"end":{"line":76,"column":8}},"19":{"start":{"line":82,"column":2},"end":{"line":84,"column":3}},"20":{"start":{"line":83,"column":4},"end":{"line":83,"column":21}},"21":{"start":{"line":86,"column":2},"end":{"line":99,"column":3}},"22":{"start":{"line":87,"column":4},"end":{"line":96,"column":5}},"23":{"start":{"line":88,"column":6},"end":{"line":88,"column":52}},"24":{"start":{"line":89,"column":6},"end":{"line":95,"column":7}},"25":{"start":{"line":90,"column":8},"end":{"line":94,"column":21}},"26":{"start":{"line":91,"column":10},"end":{"line":93,"column":29}},"27":{"start":{"line":98,"column":4},"end":{"line":98,"column":28}},"28":{"start":{"line":100,"column":2},"end":{"line":100,"column":30}},"29":{"start":{"line":108,"column":0},"end":{"line":113,"column":1}},"30":{"start":{"line":109,"column":2},"end":{"line":111,"column":3}},"31":{"start":{"line":110,"column":4},"end":{"line":110,"column":14}},"32":{"start":{"line":112,"column":2},"end":{"line":112,"column":44}},"33":{"start":{"line":120,"column":0},"end":{"line":125,"column":1}},"34":{"start":{"line":121,"column":2},"end":{"line":123,"column":3}},"35":{"start":{"line":122,"column":4},"end":{"line":122,"column":14}},"36":{"start":{"line":124,"column":2},"end":{"line":124,"column":54}},"37":{"start":{"line":128,"column":0},"end":{"line":128,"column":33}},"38":{"start":{"line":129,"column":0},"end":{"line":129,"column":36}},"39":{"start":{"line":130,"column":0},"end":{"line":130,"column":46}}},"branchMap":{"1":{"line":52,"type":"if","locations":[{"start":{"line":52,"column":4},"end":{"line":52,"column":4}},{"start":{"line":52,"column":4},"end":{"line":52,"column":4}}]},"2":{"line":52,"type":"binary-expr","locations":[{"start":{"line":52,"column":8},"end":{"line":52,"column":25}},{"start":{"line":52,"column":29},"end":{"line":52,"column":65}},{"start":{"line":53,"column":6},"end":{"line":53,"column":18}}]},"3":{"line":87,"type":"if","locations":[{"start":{"line":87,"column":4},"end":{"line":87,"column":4}},{"start":{"line":87,"column":4},"end":{"line":87,"column":4}}]},"4":{"line":87,"type":"binary-expr","locations":[{"start":{"line":87,"column":8},"end":{"line":87,"column":25}},{"start":{"line":87,"column":29},"end":{"line":87,"column":65}}]},"5":{"line":88,"type":"binary-expr","locations":[{"start":{"line":88,"column":10},"end":{"line":88,"column":22}},{"start":{"line":88,"column":27},"end":{"line":88,"column":33}},{"start":{"line":88,"column":37},"end":{"line":88,"column":50}}]},"6":{"line":89,"type":"if","locations":[{"start":{"line":89,"column":6},"end":{"line":89,"column":6}},{"start":{"line":89,"column":6},"end":{"line":89,"column":6}}]},"7":{"line":109,"type":"if","locations":[{"start":{"line":109,"column":2},"end":{"line":109,"column":2}},{"start":{"line":109,"column":2},"end":{"line":109,"column":2}}]},"8":{"line":121,"type":"if","locations":[{"start":{"line":121,"column":2},"end":{"line":121,"column":2}},{"start":{"line":121,"column":2},"end":{"line":121,"column":2}}]}}},"/Users/baidu/Git/neo/lib/resource/JS.js":{"path":"/Users/baidu/Git/neo/lib/resource/JS.js","s":{"1":1,"2":1,"3":1,"4":1,"5":1,"6":13,"7":13,"8":56,"9":13,"10":37,"11":37,"12":37,"13":37,"14":37,"15":37,"16":10,"17":3,"18":9,"19":16,"20":16,"21":6,"22":16,"23":16,"24":3,"25":16,"26":16,"27":6,"28":12,"29":0,"30":0,"31":0,"32":0,"33":0,"34":0,"35":0,"36":0,"37":0,"38":0,"39":0,"40":0,"41":0,"42":0,"43":0,"44":0,"45":0,"46":0,"47":0,"48":0,"49":0,"50":0,"51":0,"52":0,"53":0,"54":0,"55":0,"56":0,"57":0,"58":0,"59":0,"60":0,"61":0,"62":0,"63":0,"64":0,"65":0,"66":0,"67":1,"68":1,"69":1,"70":1,"71":1,"72":1,"73":1,"74":1,"75":1,"76":1},"b":{"1":[6,10],"2":[3,13],"3":[6,10],"4":[0,0],"5":[0,0],"6":[0,0],"7":[0,0],"8":[0,0],"9":[0,0],"10":[0,0],"11":[0,0],"12":[0,0],"13":[0,0]},"f":{"1":13,"2":37,"3":10,"4":3,"5":9,"6":16,"7":12,"8":0,"9":0,"10":0,"11":0},"fnMap":{"1":{"name":"(anonymous_1)","line":51,"loc":{"start":{"line":51,"column":19},"end":{"line":51,"column":28}}},"2":{"name":"(anonymous_2)","line":62,"loc":{"start":{"line":62,"column":13},"end":{"line":62,"column":20}}},"3":{"name":"(anonymous_3)","line":72,"loc":{"start":{"line":72,"column":19},"end":{"line":72,"column":23}}},"4":{"name":"(anonymous_4)","line":76,"loc":{"start":{"line":76,"column":24},"end":{"line":76,"column":28}}},"5":{"name":"(anonymous_5)","line":80,"loc":{"start":{"line":80,"column":16},"end":{"line":80,"column":20}}},"6":{"name":"(anonymous_6)","line":84,"loc":{"start":{"line":84,"column":10},"end":{"line":84,"column":13}}},"7":{"name":"(anonymous_7)","line":111,"loc":{"start":{"line":111,"column":28},"end":{"line":111,"column":46}}},"8":{"name":"(anonymous_8)","line":120,"loc":{"start":{"line":120,"column":21},"end":{"line":120,"column":32}}},"9":{"name":"(anonymous_9)","line":131,"loc":{"start":{"line":131,"column":9},"end":{"line":131,"column":22}}},"10":{"name":"(anonymous_10)","line":141,"loc":{"start":{"line":141,"column":26},"end":{"line":141,"column":43}}},"11":{"name":"(anonymous_11)","line":161,"loc":{"start":{"line":161,"column":31},"end":{"line":161,"column":48}}}},"statementMap":{"1":{"start":{"line":39,"column":0},"end":{"line":39,"column":37}},"2":{"start":{"line":40,"column":0},"end":{"line":40,"column":30}},"3":{"start":{"line":41,"column":0},"end":{"line":41,"column":41}},"4":{"start":{"line":42,"column":0},"end":{"line":42,"column":33}},"5":{"start":{"line":43,"column":0},"end":{"line":43,"column":43}},"6":{"start":{"line":52,"column":4},"end":{"line":52,"column":39}},"7":{"start":{"line":53,"column":4},"end":{"line":55,"column":5}},"8":{"start":{"line":54,"column":6},"end":{"line":54,"column":30}},"9":{"start":{"line":56,"column":4},"end":{"line":56,"column":20}},"10":{"start":{"line":63,"column":4},"end":{"line":63,"column":16}},"11":{"start":{"line":65,"column":4},"end":{"line":65,"column":19}},"12":{"start":{"line":66,"column":4},"end":{"line":66,"column":30}},"13":{"start":{"line":67,"column":4},"end":{"line":67,"column":33}},"14":{"start":{"line":68,"column":4},"end":{"line":68,"column":38}},"15":{"start":{"line":69,"column":4},"end":{"line":69,"column":40}},"16":{"start":{"line":73,"column":4},"end":{"line":73,"column":38}},"17":{"start":{"line":77,"column":4},"end":{"line":77,"column":43}},"18":{"start":{"line":81,"column":4},"end":{"line":81,"column":35}},"19":{"start":{"line":85,"column":4},"end":{"line":85,"column":52}},"20":{"start":{"line":86,"column":4},"end":{"line":88,"column":5}},"21":{"start":{"line":87,"column":6},"end":{"line":87,"column":34}},"22":{"start":{"line":89,"column":4},"end":{"line":89,"column":53}},"23":{"start":{"line":90,"column":4},"end":{"line":92,"column":5}},"24":{"start":{"line":91,"column":6},"end":{"line":91,"column":39}},"25":{"start":{"line":93,"column":4},"end":{"line":93,"column":45}},"26":{"start":{"line":94,"column":4},"end":{"line":96,"column":5}},"27":{"start":{"line":95,"column":6},"end":{"line":95,"column":30}},"28":{"start":{"line":112,"column":4},"end":{"line":112,"column":53}},"29":{"start":{"line":121,"column":4},"end":{"line":121,"column":64}},"30":{"start":{"line":132,"column":4},"end":{"line":134,"column":5}},"31":{"start":{"line":133,"column":6},"end":{"line":133,"column":18}},"32":{"start":{"line":136,"column":4},"end":{"line":136,"column":44}},"33":{"start":{"line":139,"column":4},"end":{"line":139,"column":24}},"34":{"start":{"line":140,"column":4},"end":{"line":192,"column":9}},"35":{"start":{"line":142,"column":8},"end":{"line":144,"column":9}},"36":{"start":{"line":143,"column":10},"end":{"line":143,"column":20}},"37":{"start":{"line":147,"column":8},"end":{"line":147,"column":64}},"38":{"start":{"line":148,"column":8},"end":{"line":148,"column":69}},"39":{"start":{"line":151,"column":8},"end":{"line":157,"column":9}},"40":{"start":{"line":152,"column":10},"end":{"line":152,"column":75}},"41":{"start":{"line":153,"column":10},"end":{"line":153,"column":51}},"42":{"start":{"line":155,"column":10},"end":{"line":156,"column":43}},"43":{"start":{"line":159,"column":8},"end":{"line":159,"column":18}},"44":{"start":{"line":162,"column":8},"end":{"line":189,"column":9}},"45":{"start":{"line":163,"column":10},"end":{"line":163,"column":23}},"46":{"start":{"line":164,"column":10},"end":{"line":164,"column":41}},"47":{"start":{"line":166,"column":10},"end":{"line":186,"column":13}},"48":{"start":{"line":168,"column":12},"end":{"line":168,"column":50}},"49":{"start":{"line":169,"column":12},"end":{"line":172,"column":13}},"50":{"start":{"line":170,"column":14},"end":{"line":170,"column":40}},"51":{"start":{"line":171,"column":14},"end":{"line":171,"column":21}},"52":{"start":{"line":175,"column":12},"end":{"line":175,"column":69}},"53":{"start":{"line":176,"column":12},"end":{"line":176,"column":73}},"54":{"start":{"line":179,"column":12},"end":{"line":185,"column":13}},"55":{"start":{"line":180,"column":14},"end":{"line":180,"column":79}},"56":{"start":{"line":181,"column":14},"end":{"line":181,"column":54}},"57":{"start":{"line":183,"column":14},"end":{"line":184,"column":47}},"58":{"start":{"line":188,"column":10},"end":{"line":188,"column":47}},"59":{"start":{"line":191,"column":8},"end":{"line":191,"column":18}},"60":{"start":{"line":194,"column":4},"end":{"line":194,"column":29}},"61":{"start":{"line":196,"column":4},"end":{"line":196,"column":41}},"62":{"start":{"line":198,"column":4},"end":{"line":198,"column":27}},"63":{"start":{"line":200,"column":4},"end":{"line":200,"column":44}},"64":{"start":{"line":202,"column":4},"end":{"line":202,"column":33}},"65":{"start":{"line":204,"column":4},"end":{"line":204,"column":41}},"66":{"start":{"line":206,"column":4},"end":{"line":206,"column":16}},"67":{"start":{"line":210,"column":0},"end":{"line":210,"column":29}},"68":{"start":{"line":211,"column":0},"end":{"line":211,"column":25}},"69":{"start":{"line":214,"column":0},"end":{"line":214,"column":30}},"70":{"start":{"line":217,"column":0},"end":{"line":217,"column":33}},"71":{"start":{"line":220,"column":0},"end":{"line":220,"column":33}},"72":{"start":{"line":223,"column":0},"end":{"line":223,"column":35}},"73":{"start":{"line":224,"column":0},"end":{"line":224,"column":30}},"74":{"start":{"line":234,"column":0},"end":{"line":234,"column":34}},"75":{"start":{"line":235,"column":0},"end":{"line":235,"column":39}},"76":{"start":{"line":237,"column":0},"end":{"line":237,"column":20}}},"branchMap":{"1":{"line":86,"type":"if","locations":[{"start":{"line":86,"column":4},"end":{"line":86,"column":4}},{"start":{"line":86,"column":4},"end":{"line":86,"column":4}}]},"2":{"line":90,"type":"if","locations":[{"start":{"line":90,"column":4},"end":{"line":90,"column":4}},{"start":{"line":90,"column":4},"end":{"line":90,"column":4}}]},"3":{"line":94,"type":"if","locations":[{"start":{"line":94,"column":4},"end":{"line":94,"column":4}},{"start":{"line":94,"column":4},"end":{"line":94,"column":4}}]},"4":{"line":121,"type":"binary-expr","locations":[{"start":{"line":121,"column":11},"end":{"line":121,"column":51}},{"start":{"line":121,"column":55},"end":{"line":121,"column":63}}]},"5":{"line":132,"type":"if","locations":[{"start":{"line":132,"column":4},"end":{"line":132,"column":4}},{"start":{"line":132,"column":4},"end":{"line":132,"column":4}}]},"6":{"line":132,"type":"binary-expr","locations":[{"start":{"line":132,"column":8},"end":{"line":132,"column":23}},{"start":{"line":132,"column":27},"end":{"line":132,"column":43}}]},"7":{"line":142,"type":"if","locations":[{"start":{"line":142,"column":8},"end":{"line":142,"column":8}},{"start":{"line":142,"column":8},"end":{"line":142,"column":8}}]},"8":{"line":151,"type":"if","locations":[{"start":{"line":151,"column":8},"end":{"line":151,"column":8}},{"start":{"line":151,"column":8},"end":{"line":151,"column":8}}]},"9":{"line":152,"type":"binary-expr","locations":[{"start":{"line":152,"column":10},"end":{"line":152,"column":36}},{"start":{"line":152,"column":40},"end":{"line":152,"column":74}}]},"10":{"line":162,"type":"if","locations":[{"start":{"line":162,"column":8},"end":{"line":162,"column":8}},{"start":{"line":162,"column":8},"end":{"line":162,"column":8}}]},"11":{"line":169,"type":"if","locations":[{"start":{"line":169,"column":12},"end":{"line":169,"column":12}},{"start":{"line":169,"column":12},"end":{"line":169,"column":12}}]},"12":{"line":179,"type":"if","locations":[{"start":{"line":179,"column":12},"end":{"line":179,"column":12}},{"start":{"line":179,"column":12},"end":{"line":179,"column":12}}]},"13":{"line":180,"type":"binary-expr","locations":[{"start":{"line":180,"column":14},"end":{"line":180,"column":40}},{"start":{"line":180,"column":44},"end":{"line":180,"column":78}}]}}},"/Users/baidu/Git/neo/lib/loader/SWFLoader.js":{"path":"/Users/baidu/Git/neo/lib/loader/SWFLoader.js","s":{"1":1,"2":1,"3":1,"4":0,"5":0,"6":0,"7":0,"8":0,"9":0,"10":0,"11":0,"12":0,"13":0,"14":0,"15":0,"16":0,"17":0,"18":1},"b":{"1":[0,0]},"f":{"1":0,"2":0,"3":0,"4":0,"5":0,"6":0},"fnMap":{"1":{"name":"(anonymous_1)","line":40,"loc":{"start":{"line":40,"column":19},"end":{"line":40,"column":28}}},"2":{"name":"(anonymous_2)","line":44,"loc":{"start":{"line":44,"column":13},"end":{"line":44,"column":23}}},"3":{"name":"(anonymous_3)","line":48,"loc":{"start":{"line":48,"column":11},"end":{"line":48,"column":22}}},"4":{"name":"(anonymous_4)","line":52,"loc":{"start":{"line":52,"column":18},"end":{"line":52,"column":21}}},"5":{"name":"(anonymous_5)","line":56,"loc":{"start":{"line":56,"column":15},"end":{"line":56,"column":18}}},"6":{"name":"(anonymous_6)","line":66,"loc":{"start":{"line":66,"column":14},"end":{"line":66,"column":46}}}},"statementMap":{"1":{"start":{"line":31,"column":0},"end":{"line":31,"column":23}},"2":{"start":{"line":32,"column":0},"end":{"line":32,"column":49}},"3":{"start":{"line":33,"column":0},"end":{"line":33,"column":37}},"4":{"start":{"line":41,"column":4},"end":{"line":41,"column":41}},"5":{"start":{"line":45,"column":4},"end":{"line":45,"column":18}},"6":{"start":{"line":49,"column":4},"end":{"line":49,"column":64}},"7":{"start":{"line":53,"column":4},"end":{"line":53,"column":17}},"8":{"start":{"line":57,"column":4},"end":{"line":57,"column":20}},"9":{"start":{"line":67,"column":4},"end":{"line":67,"column":28}},"10":{"start":{"line":68,"column":4},"end":{"line":68,"column":18}},"11":{"start":{"line":70,"column":4},"end":{"line":79,"column":7}},"12":{"start":{"line":71,"column":6},"end":{"line":78,"column":7}},"13":{"start":{"line":72,"column":8},"end":{"line":72,"column":49}},"14":{"start":{"line":73,"column":8},"end":{"line":73,"column":18}},"15":{"start":{"line":75,"column":8},"end":{"line":75,"column":40}},"16":{"start":{"line":76,"column":8},"end":{"line":76,"column":54}},"17":{"start":{"line":77,"column":8},"end":{"line":77,"column":22}},"18":{"start":{"line":83,"column":0},"end":{"line":83,"column":27}}},"branchMap":{"1":{"line":71,"type":"if","locations":[{"start":{"line":71,"column":6},"end":{"line":71,"column":6}},{"start":{"line":71,"column":6},"end":{"line":71,"column":6}}]}}},"/Users/baidu/Git/neo/lib/resource/SWF.js":{"path":"/Users/baidu/Git/neo/lib/resource/SWF.js","s":{"1":1,"2":0,"3":0,"4":0,"5":0,"6":0,"7":0,"8":0,"9":0,"10":1,"11":1,"12":1},"b":{},"f":{"1":0,"2":0,"3":0},"fnMap":{"1":{"name":"(anonymous_1)","line":37,"loc":{"start":{"line":37,"column":19},"end":{"line":37,"column":25}}},"2":{"name":"(anonymous_2)","line":47,"loc":{"start":{"line":47,"column":13},"end":{"line":47,"column":20}}},"3":{"name":"(anonymous_3)","line":55,"loc":{"start":{"line":55,"column":10},"end":{"line":55,"column":13}}}},"statementMap":{"1":{"start":{"line":30,"column":0},"end":{"line":30,"column":37}},"2":{"start":{"line":38,"column":4},"end":{"line":38,"column":32}},"3":{"start":{"line":39,"column":4},"end":{"line":39,"column":20}},"4":{"start":{"line":40,"column":4},"end":{"line":40,"column":24}},"5":{"start":{"line":41,"column":4},"end":{"line":41,"column":26}},"6":{"start":{"line":42,"column":4},"end":{"line":42,"column":15}},"7":{"start":{"line":48,"column":4},"end":{"line":48,"column":16}},"8":{"start":{"line":49,"column":4},"end":{"line":49,"column":19}},"9":{"start":{"line":56,"column":4},"end":{"line":61,"column":6}},"10":{"start":{"line":65,"column":0},"end":{"line":65,"column":27}},"11":{"start":{"line":66,"column":0},"end":{"line":66,"column":34}},"12":{"start":{"line":68,"column":0},"end":{"line":68,"column":21}}},"branchMap":{}}}