TN:
SF:/Users/baidu/Git/neo/lib/resource/Resource.js
FN:43,(anonymous_1)
FN:50,(anonymous_2)
FN:69,(anonymous_3)
FN:82,(anonymous_4)
FN:121,(anonymous_5)
FN:131,(anonymous_6)
FN:142,(anonymous_7)
FN:150,(anonymous_8)
FN:159,(anonymous_9)
FN:178,(anonymous_10)
FNF:10
FNH:6
FNDA:116,(anonymous_1)
FNDA:23,(anonymous_2)
FNDA:34,(anonymous_3)
FNDA:17,(anonymous_4)
FNDA:3,(anonymous_5)
FNDA:3,(anonymous_6)
FNDA:0,(anonymous_7)
FNDA:0,(anonymous_8)
FNDA:0,(anonymous_9)
FNDA:0,(anonymous_10)
DA:32,1
DA:33,1
DA:34,1
DA:35,1
DA:44,116
DA:46,116
DA:47,116
DA:51,23
DA:56,23
DA:57,707
DA:58,263
DA:62,23
DA:70,34
DA:71,0
DA:73,34
DA:83,17
DA:85,17
DA:86,0
DA:90,0
DA:93,17
DA:94,17
DA:95,5
DA:96,4
DA:99,1
DA:100,1
DA:104,12
DA:105,12
DA:107,0
DA:108,0
DA:111,12
DA:112,12
DA:122,3
DA:123,3
DA:124,3
DA:127,3
DA:128,3
DA:132,3
DA:133,0
DA:135,3
DA:143,0
DA:151,0
DA:160,0
DA:162,0
DA:164,0
DA:166,0
DA:168,0
DA:170,0
DA:172,0
DA:179,0
DA:180,0
DA:181,0
DA:182,0
DA:184,0
DA:185,0
DA:186,0
DA:189,0
DA:190,0
DA:191,0
DA:195,0
DA:197,0
DA:202,1
DA:203,1
DA:204,1
DA:206,1
LF:64
LH:37
BRDA:57,1,0,263
BRDA:57,1,1,444
BRDA:57,2,0,707
BRDA:57,2,1,689
BRDA:70,3,0,0
BRDA:70,3,1,34
BRDA:73,4,0,34
BRDA:73,4,1,2
BRDA:83,5,0,17
BRDA:83,5,1,13
BRDA:85,6,0,0
BRDA:85,6,1,17
BRDA:94,7,0,5
BRDA:94,7,1,12
BRDA:95,8,0,4
BRDA:95,8,1,1
BRDA:112,9,0,9
BRDA:112,9,1,3
BRDA:123,10,0,3
BRDA:123,10,1,0
BRDA:132,11,0,0
BRDA:132,11,1,3
BRDA:180,12,0,0
BRDA:180,12,1,0
BRDA:184,13,0,0
BRDA:184,13,1,0
BRDA:190,14,0,0
BRDA:190,14,1,0
BRDA:191,15,0,0
BRDA:191,15,1,0
BRF:30
BRH:18
end_of_record
TN:
SF:/Users/baidu/Git/neo/lib/util.js
FN:40,(anonymous_1)
FN:50,(anonymous_2)
FN:80,(anonymous_3)
FN:95,(anonymous_4)
FN:105,(anonymous_5)
FN:114,(anonymous_6)
FN:123,(anonymous_7)
FN:127,(anonymous_8)
FNF:8
FNH:3
FNDA:3,(anonymous_1)
FNDA:0,(anonymous_2)
FNDA:18,(anonymous_3)
FNDA:28,(anonymous_4)
FNDA:0,(anonymous_5)
FNDA:0,(anonymous_6)
FNDA:0,(anonymous_7)
FNDA:0,(anonymous_8)
DA:29,1
DA:30,1
DA:31,1
DA:33,1
DA:40,1
DA:41,3
DA:42,3
DA:45,0
DA:46,0
DA:47,0
DA:50,0
DA:51,0
DA:52,0
DA:54,0
DA:57,0
DA:58,0
DA:79,1
DA:81,18
DA:87,18
DA:95,1
DA:96,28
DA:97,28
DA:105,1
DA:106,0
DA:114,1
DA:115,0
DA:123,1
DA:126,0
DA:127,0
DA:128,0
DA:129,0
DA:130,0
DA:132,0
DA:135,0
DA:136,0
DA:138,0
LF:36
LH:16
BRDA:33,1,0,1
BRDA:33,1,1,0
BRDA:41,2,0,3
BRDA:41,2,1,0
BRDA:46,3,0,0
BRDA:46,3,1,0
BRDA:51,4,0,0
BRDA:51,4,1,0
BRDA:51,5,0,0
BRDA:51,5,1,0
BRDA:57,6,0,0
BRDA:57,6,1,0
BRDA:126,7,0,0
BRDA:126,7,1,0
BRDA:129,8,0,0
BRDA:129,8,1,0
BRDA:135,9,0,0
BRDA:135,9,1,0
BRF:18
BRH:2
end_of_record
TN:
SF:/Users/baidu/Git/neo/lib/PathResolver.js
FN:47,(anonymous_1)
FN:56,(anonymous_2)
FN:85,(anonymous_3)
FN:106,(anonymous_4)
FN:148,(anonymous_5)
FN:172,(anonymous_6)
FN:218,(anonymous_7)
FN:223,(anonymous_8)
FNF:8
FNH:7
FNDA:40,(anonymous_1)
FNDA:20,(anonymous_2)
FNDA:6,(anonymous_3)
FNDA:18,(anonymous_4)
FNDA:0,(anonymous_5)
FNDA:18,(anonymous_6)
FNDA:18,(anonymous_7)
FNDA:1,(anonymous_8)
DA:22,1
DA:24,1
DA:26,1
DA:47,1
DA:48,40
DA:50,40
DA:56,1
DA:57,20
DA:58,20
DA:59,20
DA:60,9
DA:63,11
DA:85,1
DA:86,6
DA:88,6
DA:89,4
DA:91,2
DA:92,2
DA:95,2
DA:100,1
DA:102,1
DA:104,1
DA:107,18
DA:109,18
DA:110,0
DA:113,18
DA:116,18
DA:118,18
DA:120,18
DA:121,18
DA:123,18
DA:125,18
DA:127,14
DA:131,18
DA:132,6
DA:135,18
DA:137,4
DA:140,18
DA:141,14
DA:144,4
DA:150,0
DA:155,0
DA:156,0
DA:157,0
DA:159,0
DA:161,0
DA:162,0
DA:164,0
DA:165,0
DA:168,0
DA:173,18
DA:174,18
DA:175,2
DA:176,2
DA:177,2
DA:178,0
DA:180,2
DA:182,2
DA:186,16
DA:189,0
DA:190,0
DA:191,0
DA:197,16
DA:198,16
DA:199,16
DA:203,16
DA:204,0
DA:207,16
DA:219,18
DA:220,18
DA:224,1
DA:225,1
DA:226,1
DA:227,1
DA:228,1
DA:229,1
DA:231,1
DA:232,1
DA:235,1
DA:239,1
DA:242,1
LF:81
LH:65
BRDA:48,1,0,40
BRDA:48,1,1,35
BRDA:50,2,0,40
BRDA:50,2,1,14
BRDA:59,3,0,9
BRDA:59,3,1,11
BRDA:88,4,0,4
BRDA:88,4,1,2
BRDA:91,5,0,2
BRDA:91,5,1,2
BRDA:92,6,0,1
BRDA:92,6,1,1
BRDA:92,7,0,2
BRDA:92,7,1,2
BRDA:95,8,0,2
BRDA:95,8,1,1
BRDA:95,8,2,1
BRDA:109,9,0,0
BRDA:109,9,1,18
BRDA:121,10,0,18
BRDA:121,10,1,0
BRDA:125,11,0,14
BRDA:125,11,1,4
BRDA:125,12,0,18
BRDA:125,12,1,14
BRDA:131,13,0,6
BRDA:131,13,1,12
BRDA:135,14,0,4
BRDA:135,14,1,14
BRDA:140,15,0,14
BRDA:140,15,1,4
BRDA:155,16,0,0
BRDA:155,16,1,0
BRDA:161,17,0,0
BRDA:161,17,1,0
BRDA:174,18,0,2
BRDA:174,18,1,16
BRDA:174,19,0,18
BRDA:174,19,1,2
BRDA:176,20,0,2
BRDA:176,20,1,0
BRDA:177,21,0,0
BRDA:177,21,1,2
BRDA:186,22,0,0
BRDA:186,22,1,16
BRDA:186,23,0,16
BRDA:186,23,1,16
BRDA:186,23,2,16
BRDA:198,24,0,0
BRDA:198,24,1,16
BRDA:203,25,0,0
BRDA:203,25,1,16
BRDA:203,26,0,16
BRDA:203,26,1,0
BRDA:225,27,0,0
BRDA:225,27,1,1
BRDA:227,28,0,1
BRDA:227,28,1,0
BRDA:231,29,0,1
BRDA:231,29,1,0
BRF:60
BRH:45
end_of_record
TN:
SF:/Users/baidu/Git/neo/lib/parser/regexp.js
FNF:0
FNH:0
DA:30,1
DA:31,1
DA:36,1
DA:37,1
DA:40,1
DA:41,1
DA:44,1
DA:45,1
DA:46,1
DA:49,1
DA:50,1
DA:52,1
DA:53,1
DA:55,1
DA:56,1
DA:58,1
DA:59,1
DA:60,1
LF:18
LH:18
BRF:0
BRH:0
end_of_record
TN:
SF:/Users/baidu/Git/neo/lib/neo.js
FN:57,(anonymous_1)
FN:66,(anonymous_2)
FN:87,(anonymous_3)
FN:116,(anonymous_4)
FN:120,run
FN:165,(anonymous_6)
FN:195,(anonymous_7)
FN:197,(anonymous_8)
FN:209,(anonymous_9)
FN:223,(anonymous_10)
FN:233,(anonymous_11)
FN:243,(anonymous_12)
FN:271,(anonymous_13)
FN:274,(anonymous_14)
FN:292,(anonymous_15)
FN:301,(anonymous_16)
FNF:16
FNH:10
FNDA:0,(anonymous_1)
FNDA:0,(anonymous_2)
FNDA:4,(anonymous_3)
FNDA:4,(anonymous_4)
FNDA:8,run
FNDA:4,(anonymous_6)
FNDA:0,(anonymous_7)
FNDA:0,(anonymous_8)
FNDA:4,(anonymous_9)
FNDA:0,(anonymous_10)
FNDA:4,(anonymous_11)
FNDA:4,(anonymous_12)
FNDA:4,(anonymous_13)
FNDA:5,(anonymous_14)
FNDA:8,(anonymous_15)
FNDA:0,(anonymous_16)
DA:39,1
DA:40,1
DA:42,1
DA:43,1
DA:44,1
DA:45,1
DA:46,1
DA:47,1
DA:48,1
DA:49,1
DA:58,0
DA:67,0
DA:88,4
DA:90,4
DA:91,4
DA:92,4
DA:93,4
DA:94,4
DA:96,4
DA:98,4
DA:99,0
DA:117,4
DA:118,4
DA:120,1
DA:121,8
DA:122,4
DA:124,4
DA:127,4
DA:128,4
DA:132,4
DA:133,4
DA:134,4
DA:135,4
DA:136,4
DA:139,0
DA:145,4
DA:146,4
DA:148,4
DA:149,4
DA:153,4
DA:154,0
DA:156,4
DA:157,4
DA:159,4
DA:160,4
DA:167,4
DA:168,4
DA:169,18
DA:170,12
DA:171,6
DA:172,6
DA:176,4
DA:177,4
DA:178,18
DA:179,18
DA:180,18
DA:181,18
DA:182,0
DA:183,0
DA:184,0
DA:197,0
DA:198,0
DA:210,4
DA:211,4
DA:212,4
DA:214,4
DA:224,0
DA:234,4
DA:244,4
DA:249,4
DA:258,4
DA:259,4
DA:260,24
DA:261,20
DA:265,4
DA:272,4
DA:273,4
DA:274,4
DA:275,5
DA:276,7
DA:279,4
DA:286,4
DA:293,8
DA:302,0
DA:307,1
DA:308,1
DA:310,1
LF:87
LH:75
BRDA:92,1,0,4
BRDA:92,1,1,0
BRDA:93,2,0,4
BRDA:93,2,1,4
BRDA:94,3,0,4
BRDA:94,3,1,4
BRDA:96,4,0,4
BRDA:96,4,1,4
BRDA:96,4,2,0
BRDA:98,5,0,0
BRDA:98,5,1,4
BRDA:121,6,0,4
BRDA:121,6,1,4
BRDA:121,7,0,8
BRDA:121,7,1,8
BRDA:127,8,0,4
BRDA:127,8,1,0
BRDA:133,9,0,4
BRDA:133,9,1,0
BRDA:153,10,0,0
BRDA:153,10,1,4
BRDA:153,11,0,4
BRDA:153,11,1,0
BRDA:169,12,0,12
BRDA:169,12,1,6
BRDA:171,13,0,6
BRDA:171,13,1,0
BRDA:178,14,0,18
BRDA:178,14,1,0
BRDA:178,15,0,18
BRDA:178,15,1,6
BRDA:181,16,0,0
BRDA:181,16,1,18
BRDA:211,17,0,4
BRDA:211,17,1,0
BRDA:214,18,0,4
BRDA:214,18,1,4
BRDA:224,19,0,0
BRDA:224,19,1,0
BRDA:272,20,0,4
BRDA:272,20,1,0
BRDA:283,21,0,4
BRDA:283,21,1,4
BRDA:293,22,0,8
BRDA:293,22,1,8
BRDA:302,23,0,0
BRDA:302,23,1,0
BRF:47
BRH:31
end_of_record
TN:
SF:/Users/baidu/Git/neo/lib/map/checker.js
FN:31,(anonymous_1)
FN:47,(anonymous_2)
FN:62,(anonymous_3)
FNF:3
FNH:2
FNDA:0,(anonymous_1)
FNDA:7,(anonymous_2)
FNDA:25,(anonymous_3)
DA:29,1
DA:31,1
DA:32,0
DA:33,0
DA:34,0
DA:37,0
DA:47,1
DA:48,7
DA:49,0
DA:50,0
DA:52,7
DA:62,1
DA:64,25
DA:65,7
DA:69,18
DA:71,18
DA:74,18
DA:75,0
DA:77,18
DA:78,7
DA:79,0
DA:80,0
DA:81,7
DA:82,0
DA:87,18
DA:88,18
DA:90,18
DA:93,1
LF:28
LH:18
BRDA:33,1,0,0
BRDA:33,1,1,0
BRDA:48,2,0,0
BRDA:48,2,1,7
BRDA:64,3,0,7
BRDA:64,3,1,18
BRDA:74,4,0,0
BRDA:74,4,1,18
BRDA:78,5,0,0
BRDA:78,5,1,7
BRDA:81,6,0,0
BRDA:81,6,1,7
BRF:12
BRH:6
end_of_record
TN:
SF:/Users/baidu/Git/neo/lib/map/ResourceMap.js
FN:37,(anonymous_1)
FN:60,(anonymous_2)
FN:79,(anonymous_3)
FN:82,(anonymous_4)
FN:97,(anonymous_5)
FN:106,(anonymous_6)
FN:120,(anonymous_7)
FN:128,(anonymous_8)
FN:132,(anonymous_9)
FN:145,(anonymous_10)
FN:152,(anonymous_11)
FN:155,(anonymous_12)
FN:164,(anonymous_13)
FN:192,(anonymous_14)
FN:203,(anonymous_15)
FNF:15
FNH:15
FNDA:30,(anonymous_1)
FNDA:38,(anonymous_2)
FNDA:18,(anonymous_3)
FNDA:30,(anonymous_4)
FNDA:1,(anonymous_5)
FNDA:2,(anonymous_6)
FNDA:113,(anonymous_7)
FNDA:32,(anonymous_8)
FNDA:44,(anonymous_9)
FNDA:7,(anonymous_10)
FNDA:14,(anonymous_11)
FNDA:14,(anonymous_12)
FNDA:72,(anonymous_13)
FNDA:1,(anonymous_14)
FNDA:2,(anonymous_15)
DA:39,30
DA:41,30
DA:43,30
DA:45,30
DA:47,30
DA:49,30
DA:51,30
DA:61,38
DA:62,38
DA:63,38
DA:80,18
DA:81,7
DA:82,7
DA:83,30
DA:84,4
DA:87,7
DA:89,18
DA:98,1
DA:107,2
DA:108,2
DA:109,2
DA:112,2
DA:121,113
DA:129,32
DA:130,19
DA:131,19
DA:132,19
DA:133,44
DA:135,19
DA:137,32
DA:146,7
DA:147,7
DA:148,0
DA:151,7
DA:153,14
DA:156,14
DA:165,72
DA:166,72
DA:167,72
DA:168,72
DA:169,37
DA:173,72
DA:174,0
DA:178,0
DA:179,0
DA:183,72
DA:184,72
DA:193,1
DA:194,1
DA:195,1
DA:196,1
DA:204,2
DA:205,2
DA:206,2
DA:207,2
DA:209,2
DA:210,2
DA:215,1
LF:58
LH:54
BRDA:49,1,0,30
BRDA:49,1,1,30
BRDA:51,2,0,30
BRDA:51,2,1,23
BRDA:61,3,0,38
BRDA:61,3,1,38
BRDA:63,4,0,38
BRDA:63,4,1,33
BRDA:80,5,0,7
BRDA:80,5,1,11
BRDA:83,6,0,4
BRDA:83,6,1,26
BRDA:107,7,0,2
BRDA:107,7,1,0
BRDA:129,8,0,19
BRDA:129,8,1,13
BRDA:133,9,0,44
BRDA:133,9,1,43
BRDA:146,10,0,7
BRDA:146,10,1,7
BRDA:147,11,0,0
BRDA:147,11,1,7
BRDA:167,12,0,72
BRDA:167,12,1,72
BRDA:168,13,0,37
BRDA:168,13,1,35
BRDA:173,14,0,0
BRDA:173,14,1,72
BRDA:204,15,0,2
BRDA:204,15,1,2
BRDA:209,16,0,2
BRDA:209,16,1,0
BRDA:209,17,0,2
BRDA:209,17,1,2
BRF:34
BRH:30
end_of_record
TN:
SF:/Users/baidu/Git/neo/lib/FileFinder.js
FN:19,find
FN:27,readdirRecursive
FN:29,(anonymous_3)
FN:37,(anonymous_4)
FN:43,(anonymous_5)
FN:83,findNative
FN:92,(anonymous_7)
FN:103,(anonymous_8)
FN:107,(anonymous_9)
FN:111,(anonymous_10)
FN:120,(anonymous_11)
FN:121,(anonymous_12)
FN:138,FileFinder
FN:148,(anonymous_14)
FNF:14
FNH:13
FNDA:5,find
FNDA:6,readdirRecursive
FNDA:6,(anonymous_3)
FNDA:32,(anonymous_4)
FNDA:32,(anonymous_5)
FNDA:2,findNative
FNDA:2,(anonymous_7)
FNDA:2,(anonymous_8)
FNDA:2,(anonymous_9)
FNDA:0,(anonymous_10)
FNDA:6,(anonymous_11)
FNDA:6,(anonymous_12)
FNDA:5,FileFinder
FNDA:5,(anonymous_14)
DA:7,1
DA:8,1
DA:19,1
DA:20,5
DA:21,5
DA:27,1
DA:28,6
DA:29,6
DA:30,6
DA:33,6
DA:34,32
DA:37,6
DA:38,32
DA:39,0
DA:41,32
DA:43,32
DA:44,32
DA:46,32
DA:47,32
DA:48,1
DA:50,31
DA:52,31
DA:53,21
DA:57,32
DA:58,5
DA:63,6
DA:64,0
DA:69,5
DA:83,1
DA:84,2
DA:85,2
DA:86,0
DA:89,2
DA:90,2
DA:91,2
DA:92,2
DA:93,2
DA:94,0
DA:96,2
DA:97,2
DA:100,2
DA:101,2
DA:102,2
DA:103,2
DA:104,2
DA:107,2
DA:109,2
DA:110,2
DA:111,0
DA:112,0
DA:114,0
DA:117,2
DA:118,2
DA:120,2
DA:121,6
DA:122,6
DA:123,6
DA:125,6
DA:126,2
DA:138,1
DA:139,5
DA:140,5
DA:141,5
DA:142,5
DA:148,1
DA:149,5
DA:150,5
DA:153,1
DA:154,1
DA:157,1
LF:70
LH:63
BRDA:38,1,0,0
BRDA:38,1,1,32
BRDA:38,2,0,32
BRDA:38,2,1,28
BRDA:46,3,0,32
BRDA:46,3,1,0
BRDA:46,4,0,32
BRDA:46,4,1,32
BRDA:46,4,2,32
BRDA:47,5,0,1
BRDA:47,5,1,31
BRDA:52,6,0,21
BRDA:52,6,1,10
BRDA:57,7,0,5
BRDA:57,7,1,27
BRDA:63,8,0,0
BRDA:63,8,1,6
BRDA:85,9,0,0
BRDA:85,9,1,2
BRDA:93,10,0,0
BRDA:93,10,1,2
BRDA:110,11,0,0
BRDA:110,11,1,2
BRDA:122,12,0,6
BRDA:122,12,1,0
BRDA:122,13,0,6
BRDA:122,13,1,6
BRDA:125,14,0,2
BRDA:125,14,1,4
BRDA:139,15,0,5
BRDA:139,15,1,5
BRDA:139,15,2,0
BRDA:140,16,0,5
BRDA:140,16,1,5
BRDA:140,16,2,0
BRDA:141,17,0,5
BRDA:141,17,1,5
BRDA:141,17,2,1
BRDA:142,18,0,5
BRDA:142,18,1,5
BRDA:142,18,2,4
BRDA:149,19,0,1
BRDA:149,19,1,4
BRF:43
BRH:34
end_of_record
TN:
SF:/Users/baidu/Git/neo/lib/MapUpdateTask.js
FN:45,(anonymous_1)
FN:69,(anonymous_2)
FN:80,(anonymous_3)
FN:83,(anonymous_4)
FN:87,(anonymous_5)
FN:90,(anonymous_6)
FN:94,(anonymous_7)
FN:98,(anonymous_8)
FN:116,(anonymous_9)
FN:132,(anonymous_10)
FN:136,(anonymous_11)
FN:151,(anonymous_12)
FN:158,(anonymous_13)
FN:168,(anonymous_14)
FN:175,(anonymous_15)
FN:180,(anonymous_16)
FN:191,(anonymous_17)
FN:194,(anonymous_18)
FN:201,(anonymous_19)
FN:218,(anonymous_20)
FN:220,(anonymous_21)
FN:242,(anonymous_22)
FN:249,(anonymous_23)
FN:252,(anonymous_24)
FN:261,(anonymous_25)
FN:263,(anonymous_26)
FN:275,(anonymous_27)
FN:276,(anonymous_28)
FN:277,(anonymous_29)
FN:295,(anonymous_30)
FN:303,finished
FN:335,(anonymous_32)
FN:337,(anonymous_33)
FNF:33
FNH:26
FNDA:11,(anonymous_1)
FNDA:9,(anonymous_2)
FNDA:4,(anonymous_3)
FNDA:4,(anonymous_4)
FNDA:4,(anonymous_5)
FNDA:4,(anonymous_6)
FNDA:4,(anonymous_7)
FNDA:4,(anonymous_8)
FNDA:18,(anonymous_9)
FNDA:4,(anonymous_10)
FNDA:18,(anonymous_11)
FNDA:0,(anonymous_12)
FNDA:4,(anonymous_13)
FNDA:4,(anonymous_14)
FNDA:18,(anonymous_15)
FNDA:0,(anonymous_16)
FNDA:4,(anonymous_17)
FNDA:0,(anonymous_18)
FNDA:0,(anonymous_19)
FNDA:0,(anonymous_20)
FNDA:0,(anonymous_21)
FNDA:4,(anonymous_22)
FNDA:18,(anonymous_23)
FNDA:0,(anonymous_24)
FNDA:18,(anonymous_25)
FNDA:18,(anonymous_26)
FNDA:4,(anonymous_27)
FNDA:18,(anonymous_28)
FNDA:18,(anonymous_29)
FNDA:4,(anonymous_30)
FNDA:5,finished
FNDA:4,(anonymous_32)
FNDA:18,(anonymous_33)
DA:29,1
DA:30,1
DA:32,1
DA:34,1
DA:35,1
DA:46,11
DA:49,11
DA:50,30
DA:51,30
DA:53,11
DA:54,11
DA:55,11
DA:56,11
DA:57,11
DA:60,11
DA:62,11
DA:64,11
DA:66,11
DA:69,11
DA:70,9
DA:71,0
DA:75,11
DA:76,11
DA:81,4
DA:83,4
DA:85,4
DA:87,4
DA:89,4
DA:90,4
DA:92,4
DA:94,4
DA:96,4
DA:98,4
DA:99,4
DA:100,4
DA:107,4
DA:117,18
DA:118,18
DA:119,18
DA:133,4
DA:135,4
DA:136,4
DA:138,18
DA:139,18
DA:141,18
DA:142,18
DA:144,18
DA:145,18
DA:146,0
DA:147,0
DA:151,4
DA:152,0
DA:153,0
DA:158,4
DA:159,4
DA:170,4
DA:172,4
DA:175,4
DA:176,18
DA:180,4
DA:182,0
DA:183,0
DA:186,0
DA:187,0
DA:191,4
DA:192,4
DA:194,4
DA:195,0
DA:199,4
DA:200,0
DA:201,0
DA:202,0
DA:203,0
DA:211,4
DA:215,4
DA:216,0
DA:217,0
DA:218,0
DA:219,0
DA:221,0
DA:222,0
DA:225,0
DA:227,0
DA:228,0
DA:229,0
DA:234,4
DA:243,4
DA:244,0
DA:245,0
DA:248,4
DA:250,18
DA:253,0
DA:257,4
DA:260,4
DA:262,18
DA:264,18
DA:267,4
DA:275,4
DA:276,18
DA:277,4
DA:278,18
DA:279,18
DA:280,18
DA:281,18
DA:285,4
DA:286,4
DA:296,4
DA:297,4
DA:298,4
DA:301,5
DA:303,1
DA:304,5
DA:305,4
DA:309,4
DA:310,18
DA:311,18
DA:312,21
DA:313,18
DA:314,18
DA:320,4
DA:322,4
DA:323,5
DA:326,4
DA:327,0
DA:336,4
DA:337,4
DA:338,18
DA:339,0
DA:340,18
DA:341,0
DA:342,18
DA:343,18
DA:348,4
DA:353,1
LF:134
LH:104
BRDA:56,1,0,11
BRDA:56,1,1,4
BRDA:56,1,2,11
BRDA:57,2,0,11
BRDA:57,2,1,4
BRDA:57,2,2,11
BRDA:70,3,0,0
BRDA:70,3,1,9
BRDA:75,4,0,11
BRDA:75,4,1,0
BRDA:117,5,0,18
BRDA:117,5,1,0
BRDA:118,6,0,18
BRDA:118,6,1,0
BRDA:144,7,0,18
BRDA:144,7,1,0
BRDA:146,8,0,0
BRDA:146,8,1,0
BRDA:152,9,0,0
BRDA:152,9,1,0
BRDA:182,10,0,0
BRDA:182,10,1,0
BRDA:186,11,0,0
BRDA:186,11,1,0
BRDA:199,12,0,0
BRDA:199,12,1,4
BRDA:202,13,0,0
BRDA:202,13,1,0
BRDA:215,14,0,0
BRDA:215,14,1,4
BRDA:228,15,0,0
BRDA:228,15,1,0
BRDA:243,16,0,0
BRDA:243,16,1,4
BRDA:253,17,0,0
BRDA:253,17,1,0
BRDA:262,18,0,18
BRDA:262,18,1,18
BRDA:279,19,0,18
BRDA:279,19,1,0
BRDA:304,20,0,4
BRDA:304,20,1,1
BRDA:310,21,0,18
BRDA:310,21,1,0
BRDA:312,22,0,18
BRDA:312,22,1,3
BRDA:326,23,0,0
BRDA:326,23,1,4
BRDA:338,24,0,0
BRDA:338,24,1,18
BRDA:340,25,0,0
BRDA:340,25,1,18
BRDA:340,26,0,18
BRDA:340,26,1,18
BRDA:342,27,0,18
BRDA:342,27,1,0
BRF:56
BRH:28
end_of_record
TN:
SF:/Users/baidu/Git/neo/lib/loader/ProjectConfigurationLoader.js
FN:40,(anonymous_1)
FN:44,(anonymous_2)
FN:48,(anonymous_3)
FN:52,(anonymous_4)
FN:67,(anonymous_5)
FN:86,(anonymous_6)
FNF:6
FNH:2
FNDA:0,(anonymous_1)
FNDA:15,(anonymous_2)
FNDA:0,(anonymous_3)
FNDA:0,(anonymous_4)
FNDA:0,(anonymous_5)
FNDA:39,(anonymous_6)
DA:31,1
DA:32,1
DA:33,1
DA:41,0
DA:45,15
DA:49,0
DA:53,0
DA:68,0
DA:69,0
DA:71,0
DA:72,0
DA:73,0
DA:75,0
DA:76,0
DA:78,0
DA:87,39
DA:91,1
DA:93,1
LF:18
LH:7
BRDA:73,1,0,0
BRDA:73,1,1,0
BRF:2
BRH:0
end_of_record
TN:
SF:/Users/baidu/Git/neo/lib/resource/ProjectConfiguration.js
FN:17,(anonymous_1)
FN:30,(anonymous_2)
FN:44,(anonymous_3)
FN:54,(anonymous_4)
FN:68,(anonymous_5)
FN:122,(anonymous_6)
FNF:6
FNH:5
FNDA:0,(anonymous_1)
FNDA:23,(anonymous_2)
FNDA:3,(anonymous_3)
FNDA:14,(anonymous_4)
FNDA:4,(anonymous_5)
FNDA:3,(anonymous_6)
DA:8,1
DA:9,1
DA:18,0
DA:19,0
DA:20,0
DA:22,0
DA:31,23
DA:32,23
DA:45,3
DA:55,14
DA:56,14
DA:57,8
DA:59,10
DA:69,4
DA:123,3
DA:124,3
DA:126,3
DA:127,3
DA:129,3
DA:130,3
DA:131,3
DA:132,2
DA:134,3
DA:138,0
DA:142,1
DA:143,1
DA:145,1
LF:27
LH:22
BRDA:45,1,0,2
BRDA:45,1,1,1
BRDA:45,2,0,3
BRDA:45,2,1,3
BRDA:56,3,0,4
BRDA:56,3,1,10
BRDA:56,4,0,14
BRDA:56,4,1,14
BRDA:129,5,0,3
BRDA:129,5,1,0
BRDA:131,6,0,2
BRDA:131,6,1,1
BRF:12
BRH:11
end_of_record
TN:
SF:/Users/baidu/Git/neo/lib/loader/ResourceLoader.js
FN:39,(anonymous_1)
FN:50,(anonymous_2)
FN:54,(anonymous_3)
FN:64,(anonymous_4)
FN:72,(anonymous_5)
FN:84,(anonymous_6)
FN:110,(anonymous_7)
FN:123,(anonymous_8)
FN:134,(anonymous_9)
FNF:9
FNH:3
FNDA:0,(anonymous_1)
FNDA:47,(anonymous_2)
FNDA:0,(anonymous_3)
FNDA:0,(anonymous_4)
FNDA:0,(anonymous_5)
FNDA:26,(anonymous_6)
FNDA:0,(anonymous_7)
FNDA:0,(anonymous_8)
FNDA:1,(anonymous_9)
DA:31,1
DA:32,1
DA:40,0
DA:51,47
DA:55,0
DA:65,0
DA:73,0
DA:85,26
DA:87,26
DA:88,26
DA:89,0
DA:90,0
DA:92,26
DA:111,0
DA:112,0
DA:113,0
DA:124,0
DA:135,1
DA:139,1
LF:19
LH:9
BRDA:51,1,0,47
BRDA:51,1,1,44
BRDA:88,2,0,0
BRDA:88,2,1,26
BRDA:95,3,0,26
BRDA:95,3,1,0
BRF:6
BRH:4
end_of_record
TN:
SF:/Users/baidu/Git/neo/lib/ConfigurationTrie.js
FN:14,ConfigurationTrie
FN:25,(anonymous_2)
FN:27,(anonymous_3)
FN:36,(anonymous_4)
FN:37,(anonymous_5)
FN:46,(anonymous_6)
FN:47,(anonymous_7)
FN:65,(anonymous_8)
FNF:8
FNH:4
FNDA:10,ConfigurationTrie
FNDA:0,(anonymous_2)
FNDA:0,(anonymous_3)
FNDA:0,(anonymous_4)
FNDA:0,(anonymous_5)
FNDA:9,(anonymous_6)
FNDA:10,(anonymous_7)
FNDA:32,(anonymous_8)
DA:7,1
DA:14,1
DA:15,10
DA:16,10
DA:17,10
DA:25,1
DA:26,0
DA:27,0
DA:28,0
DA:36,1
DA:37,0
DA:38,0
DA:46,1
DA:47,9
DA:49,10
DA:50,10
DA:51,10
DA:52,20
DA:53,20
DA:54,20
DA:56,10
DA:65,1
DA:66,32
DA:67,32
DA:68,32
DA:69,32
DA:70,47
DA:71,47
DA:72,27
DA:73,27
DA:75,20
DA:78,32
DA:82,1
LF:33
LH:28
BRDA:53,1,0,20
BRDA:53,1,1,15
BRDA:71,2,0,27
BRDA:71,2,1,20
BRF:4
BRH:4
end_of_record
TN:
SF:/Users/baidu/Git/neo/lib/AnalyzeChangedTask.js
FN:9,AnalyzeChangedTask
FN:16,(anonymous_2)
FN:26,(anonymous_3)
FN:28,(anonymous_4)
FN:36,(anonymous_5)
FN:42,(anonymous_6)
FN:48,(anonymous_7)
FN:55,(anonymous_8)
FN:56,(anonymous_9)
FN:62,(anonymous_10)
FN:66,(anonymous_11)
FN:71,(anonymous_12)
FN:72,(anonymous_13)
FN:95,(anonymous_14)
FN:106,(anonymous_15)
FN:117,resourceLoaded
FN:124,(anonymous_17)
FNF:17
FNH:5
FNDA:4,AnalyzeChangedTask
FNDA:0,(anonymous_2)
FNDA:0,(anonymous_3)
FNDA:0,(anonymous_4)
FNDA:0,(anonymous_5)
FNDA:0,(anonymous_6)
FNDA:0,(anonymous_7)
FNDA:0,(anonymous_8)
FNDA:0,(anonymous_9)
FNDA:0,(anonymous_10)
FNDA:0,(anonymous_11)
FNDA:0,(anonymous_12)
FNDA:0,(anonymous_13)
FNDA:4,(anonymous_14)
FNDA:4,(anonymous_15)
FNDA:18,resourceLoaded
FNDA:22,(anonymous_17)
DA:7,1
DA:9,1
DA:10,4
DA:11,4
DA:12,4
DA:13,4
DA:16,1
DA:17,0
DA:18,0
DA:19,0
DA:20,0
DA:21,0
DA:26,1
DA:27,0
DA:29,0
DA:36,1
DA:37,0
DA:38,0
DA:39,0
DA:40,0
DA:42,0
DA:43,0
DA:46,0
DA:47,0
DA:48,0
DA:49,0
DA:50,0
DA:54,0
DA:55,0
DA:56,0
DA:57,0
DA:61,0
DA:62,0
DA:63,0
DA:67,0
DA:71,0
DA:72,0
DA:73,0
DA:74,0
DA:76,0
DA:77,0
DA:78,0
DA:79,0
DA:81,0
DA:84,0
DA:88,0
DA:95,1
DA:96,4
DA:99,4
DA:100,0
DA:102,4
DA:106,1
DA:107,4
DA:108,4
DA:109,4
DA:111,4
DA:112,4
DA:113,4
DA:114,4
DA:115,4
DA:117,1
DA:118,18
DA:119,18
DA:120,18
DA:121,18
DA:124,4
DA:125,22
DA:126,18
DA:127,18
DA:129,18
DA:130,21
DA:131,18
DA:132,18
DA:136,18
DA:137,18
DA:138,18
DA:139,18
DA:143,0
DA:144,0
DA:147,22
DA:148,4
DA:152,4
DA:155,1
LF:83
LH:43
BRDA:12,1,0,4
BRDA:12,1,1,4
BRDA:12,1,2,0
BRDA:13,2,0,4
BRDA:13,2,1,4
BRDA:13,2,2,0
BRDA:49,3,0,0
BRDA:49,3,1,0
BRDA:77,4,0,0
BRDA:77,4,1,0
BRDA:99,5,0,0
BRDA:99,5,1,4
BRDA:125,6,0,40
BRDA:125,6,1,40
BRDA:130,7,0,18
BRDA:130,7,1,3
BRDA:136,8,0,18
BRDA:136,8,1,0
BRDA:147,9,0,4
BRDA:147,9,1,18
BRDA:147,10,0,22
BRDA:147,10,1,4
BRF:22
BRH:14
end_of_record
TN:
SF:/Users/baidu/Git/neo/lib/MapSerializer.js
FN:38,(anonymous_1)
FN:56,(anonymous_2)
FN:58,(anonymous_3)
FN:75,(anonymous_4)
FN:95,(anonymous_5)
FN:98,(anonymous_6)
FN:114,(anonymous_7)
FN:124,(anonymous_8)
FN:128,(anonymous_9)
FN:132,(anonymous_10)
FNF:10
FNH:9
FNDA:12,(anonymous_1)
FNDA:4,(anonymous_2)
FNDA:4,(anonymous_3)
FNDA:0,(anonymous_4)
FNDA:3,(anonymous_5)
FNDA:3,(anonymous_6)
FNDA:4,(anonymous_7)
FNDA:7,(anonymous_8)
FNDA:23,(anonymous_9)
FNDA:23,(anonymous_10)
DA:29,1
DA:30,1
DA:39,12
DA:41,12
DA:42,12
DA:43,12
DA:44,12
DA:45,18
DA:46,18
DA:57,4
DA:58,4
DA:59,4
DA:60,4
DA:61,4
DA:64,0
DA:65,0
DA:66,0
DA:76,0
DA:77,0
DA:78,0
DA:80,0
DA:82,0
DA:83,0
DA:86,0
DA:87,0
DA:96,3
DA:97,2
DA:98,2
DA:99,3
DA:100,3
DA:102,2
DA:104,1
DA:115,4
DA:116,4
DA:125,7
DA:129,23
DA:133,23
DA:139,1
LF:38
LH:27
BRDA:41,1,0,12
BRDA:41,1,1,2
BRDA:42,2,0,12
BRDA:42,2,1,10
BRDA:59,3,0,4
BRDA:59,3,1,0
BRDA:59,4,0,4
BRDA:59,4,1,0
BRDA:82,5,0,0
BRDA:82,5,1,0
BRDA:96,6,0,2
BRDA:96,6,1,1
BRDA:129,7,0,23
BRDA:129,7,1,23
BRF:14
BRH:10
end_of_record
TN:
SF:/Users/baidu/Git/neo/lib/loaders.js
FNF:0
FNH:0
DA:28,1
DA:35,1
DA:42,1
DA:49,1
DA:56,1
DA:63,1
LF:6
LH:6
BRF:0
BRH:0
end_of_record
TN:
SF:/Users/baidu/Git/neo/lib/loader/CSSLoader.js
FN:44,(anonymous_1)
FN:54,(anonymous_2)
FN:62,(anonymous_3)
FN:70,(anonymous_4)
FN:79,(anonymous_5)
FN:124,(anonymous_6)
FN:166,(anonymous_7)
FN:179,(anonymous_8)
FNF:8
FNH:7
FNDA:0,(anonymous_1)
FNDA:10,(anonymous_2)
FNDA:8,(anonymous_3)
FNDA:17,(anonymous_4)
FNDA:10,(anonymous_5)
FNDA:10,(anonymous_6)
FNDA:15,(anonymous_7)
FNDA:2,(anonymous_8)
DA:31,1
DA:32,1
DA:33,1
DA:34,1
DA:35,1
DA:36,1
DA:38,1
DA:45,0
DA:55,10
DA:63,8
DA:71,17
DA:80,10
DA:81,10
DA:82,21
DA:83,21
DA:85,21
DA:87,10
DA:88,10
DA:90,6
DA:91,6
DA:93,1
DA:94,1
DA:96,1
DA:97,1
DA:99,2
DA:100,2
DA:104,0
DA:107,1
DA:125,10
DA:126,10
DA:128,10
DA:129,0
DA:130,0
DA:132,0
DA:137,10
DA:138,1
DA:141,10
DA:144,10
DA:147,10
DA:148,1
DA:149,1
DA:150,0
DA:153,1
DA:154,1
DA:157,9
DA:167,15
DA:168,16
DA:184,2
DA:186,2
DA:187,6
DA:188,6
DA:189,6
DA:190,4
DA:191,4
DA:193,4
DA:194,2
DA:199,2
DA:200,2
DA:201,2
DA:206,2
DA:207,0
DA:211,2
DA:217,2
DA:218,2
DA:220,2
DA:221,2
DA:222,2
DA:229,2
DA:233,1
LF:69
LH:62
BRDA:85,1,0,10
BRDA:85,1,1,6
BRDA:85,1,2,1
BRDA:85,1,3,1
BRDA:85,1,4,2
BRDA:85,1,5,0
BRDA:85,1,6,0
BRDA:85,1,7,0
BRDA:85,1,8,1
BRDA:128,2,0,0
BRDA:128,2,1,10
BRDA:129,3,0,0
BRDA:129,3,1,0
BRDA:137,4,0,1
BRDA:137,4,1,9
BRDA:147,5,0,1
BRDA:147,5,1,9
BRDA:149,6,0,0
BRDA:149,6,1,1
BRDA:193,7,0,2
BRDA:193,7,1,2
BRDA:201,8,0,0
BRDA:201,8,1,2
BRDA:201,9,0,2
BRDA:201,9,1,0
BRDA:206,10,0,0
BRDA:206,10,1,2
BRDA:206,11,0,2
BRDA:206,11,1,0
BRDA:212,12,0,2
BRDA:212,12,1,2
BRDA:217,13,0,2
BRDA:217,13,1,0
BRDA:217,14,0,2
BRDA:217,14,1,2
BRDA:218,15,0,2
BRDA:218,15,1,0
BRDA:220,16,0,2
BRDA:220,16,1,0
BRF:39
BRH:25
end_of_record
TN:
SF:/Users/baidu/Git/neo/lib/parser/docblock.js
FN:37,extract
FN:57,parse
FNF:2
FNH:2
FNDA:35,extract
FNDA:38,parse
DA:29,1
DA:30,1
DA:37,1
DA:38,35
DA:39,35
DA:40,33
DA:42,2
DA:45,1
DA:46,1
DA:47,1
DA:48,1
DA:49,1
DA:50,1
DA:57,1
DA:58,38
DA:65,38
DA:66,38
DA:67,43
DA:68,43
DA:70,38
DA:72,38
DA:73,38
DA:74,38
DA:75,76
DA:76,76
DA:79,38
DA:82,1
DA:83,1
LF:28
LH:28
BRDA:39,1,0,33
BRDA:39,1,1,2
BRDA:40,2,0,33
BRDA:40,2,1,0
BRF:4
BRH:3
end_of_record
TN:
SF:/Users/baidu/Git/neo/lib/parser/cssParser.js
FN:34,spriteFilterFn
FN:51,rmSpriteArgs
FN:58,extractSprites
FNF:3
FNH:3
FNDA:4,spriteFilterFn
FNDA:2,rmSpriteArgs
FNDA:1,extractSprites
DA:34,1
DA:35,4
DA:36,2
DA:39,2
DA:40,2
DA:41,2
DA:42,3
DA:43,3
DA:44,2
DA:48,0
DA:51,1
DA:52,2
DA:55,1
DA:56,1
DA:58,1
DA:59,1
DA:60,1
DA:61,1
DA:62,4
DA:64,1
DA:69,1
LF:21
LH:20
BRDA:35,1,0,2
BRDA:35,1,1,2
BRDA:43,2,0,2
BRDA:43,2,1,1
BRF:4
BRH:4
end_of_record
TN:
SF:/Users/baidu/Git/neo/lib/loader/ImageLoader.js
FN:41,(anonymous_1)
FN:48,(anonymous_2)
FN:52,(anonymous_3)
FN:56,(anonymous_4)
FN:67,(anonymous_5)
FN:94,(anonymous_6)
FNF:6
FNH:3
FNDA:0,(anonymous_1)
FNDA:4,(anonymous_2)
FNDA:0,(anonymous_3)
FNDA:0,(anonymous_4)
FNDA:2,(anonymous_5)
FNDA:4,(anonymous_6)
DA:29,1
DA:30,1
DA:31,1
DA:32,1
DA:34,1
DA:42,0
DA:49,4
DA:53,0
DA:57,0
DA:68,2
DA:69,2
DA:70,2
DA:71,2
DA:72,2
DA:73,0
DA:74,0
DA:76,2
DA:77,2
DA:79,2
DA:80,2
DA:81,2
DA:82,2
DA:85,2
DA:95,4
DA:99,1
LF:25
LH:20
BRDA:72,1,0,0
BRDA:72,1,1,2
BRDA:80,2,0,2
BRDA:80,2,1,0
BRF:4
BRH:2
end_of_record
TN:
SF:/Users/baidu/Git/neo/lib/resource/Image.js
FN:48,(anonymous_1)
FN:63,(anonymous_2)
FN:72,(anonymous_3)
FN:82,(anonymous_4)
FN:100,(anonymous_5)
FNF:5
FNH:1
FNDA:0,(anonymous_1)
FNDA:9,(anonymous_2)
FNDA:0,(anonymous_3)
FNDA:0,(anonymous_4)
FNDA:0,(anonymous_5)
DA:29,1
DA:30,1
DA:31,1
DA:34,1
DA:49,0
DA:51,0
DA:52,0
DA:53,0
DA:54,0
DA:55,0
DA:57,0
DA:64,9
DA:65,9
DA:73,0
DA:74,0
DA:75,0
DA:83,0
DA:90,0
DA:91,0
DA:93,0
DA:94,0
DA:97,0
DA:101,0
DA:102,0
DA:105,0
DA:107,0
DA:109,0
DA:111,0
DA:113,0
DA:115,0
DA:117,0
DA:121,1
DA:122,1
DA:123,1
DA:124,1
DA:126,1
LF:36
LH:11
BRDA:53,1,0,0
BRDA:53,1,1,0
BRDA:54,2,0,0
BRDA:54,2,1,0
BRDA:74,3,0,0
BRDA:74,3,1,0
BRDA:90,4,0,0
BRDA:90,4,1,0
BRDA:93,5,0,0
BRDA:93,5,1,0
BRDA:101,6,0,0
BRDA:101,6,1,0
BRF:12
BRH:0
end_of_record
TN:
SF:/Users/baidu/Git/neo/lib/parser/getImageSize.js
FN:34,gif
FN:46,png
FN:58,jpeg
FN:81,getImageSize
FNF:4
FNH:4
FNDA:1,gif
FNDA:1,png
FNDA:4,jpeg
FNDA:6,getImageSize
DA:34,1
DA:35,1
DA:46,1
DA:47,1
DA:58,1
DA:59,4
DA:60,4
DA:61,4
DA:62,25
DA:63,25
DA:64,25
DA:65,4
DA:70,21
DA:73,0
DA:81,1
DA:82,6
DA:83,4
DA:84,2
DA:85,1
DA:86,1
DA:88,1
DA:90,0
DA:94,1
DA:95,1
DA:96,1
DA:98,1
LF:26
LH:24
BRDA:64,1,0,4
BRDA:64,1,1,21
BRDA:64,2,0,25
BRDA:64,2,1,21
BRDA:82,3,0,4
BRDA:82,3,1,2
BRDA:82,4,0,6
BRDA:82,4,1,4
BRDA:84,5,0,1
BRDA:84,5,1,1
BRDA:84,6,0,2
BRDA:84,6,1,1
BRDA:84,6,2,1
BRDA:86,7,0,1
BRDA:86,7,1,0
BRDA:86,8,0,1
BRDA:86,8,1,1
BRDA:86,8,2,1
BRDA:86,8,3,1
BRF:19
BRH:18
end_of_record
TN:
SF:/Users/baidu/Git/neo/lib/loader/JSLoader.js
FN:44,(anonymous_1)
FN:54,(anonymous_2)
FN:58,(anonymous_3)
FN:62,(anonymous_4)
FN:71,(anonymous_5)
FN:117,(anonymous_6)
FN:157,(anonymous_7)
FN:177,(anonymous_8)
FN:204,fixModuleID
FNF:9
FNH:8
FNDA:0,(anonymous_1)
FNDA:14,(anonymous_2)
FNDA:10,(anonymous_3)
FNDA:36,(anonymous_4)
FNDA:16,(anonymous_5)
FNDA:16,(anonymous_6)
FNDA:33,(anonymous_7)
FNDA:6,(anonymous_8)
FNDA:60,fixModuleID
DA:31,1
DA:32,1
DA:33,1
DA:34,1
DA:35,1
DA:36,1
DA:38,1
DA:45,0
DA:55,14
DA:59,10
DA:63,36
DA:72,16
DA:73,16
DA:74,28
DA:75,28
DA:77,28
DA:79,6
DA:80,6
DA:82,10
DA:83,10
DA:85,9
DA:86,9
DA:88,2
DA:89,2
DA:91,0
DA:92,0
DA:94,0
DA:95,0
DA:97,0
DA:98,0
DA:101,1
DA:118,16
DA:119,16
DA:123,16
DA:124,10
DA:125,1
DA:127,9
DA:132,16
DA:133,10
DA:136,10
DA:141,16
DA:144,16
DA:147,16
DA:148,1
DA:149,1
DA:150,1
DA:153,15
DA:158,33
DA:159,33
DA:182,6
DA:184,6
DA:186,20
DA:188,20
DA:190,20
DA:193,6
DA:204,1
DA:205,60
DA:206,60
DA:207,60
DA:208,16
DA:209,16
DA:212,16
DA:213,0
DA:219,16
DA:220,16
DA:221,16
DA:226,16
DA:227,2
DA:231,16
DA:237,16
DA:238,12
DA:240,12
DA:241,12
DA:242,12
DA:249,1
LF:75
LH:67
BRDA:63,1,0,36
BRDA:63,1,1,36
BRDA:77,2,0,6
BRDA:77,2,1,10
BRDA:77,2,2,9
BRDA:77,2,3,2
BRDA:77,2,4,0
BRDA:77,2,5,0
BRDA:77,2,6,0
BRDA:77,2,7,1
BRDA:123,3,0,10
BRDA:123,3,1,6
BRDA:124,4,0,1
BRDA:124,4,1,9
BRDA:132,5,0,10
BRDA:132,5,1,6
BRDA:147,6,0,1
BRDA:147,6,1,15
BRDA:205,7,0,60
BRDA:205,7,1,0
BRDA:212,8,0,0
BRDA:212,8,1,16
BRDA:221,9,0,0
BRDA:221,9,1,16
BRDA:221,10,0,16
BRDA:221,10,1,2
BRDA:226,11,0,2
BRDA:226,11,1,14
BRDA:226,12,0,16
BRDA:226,12,1,2
BRDA:232,13,0,16
BRDA:232,13,1,12
BRDA:237,14,0,12
BRDA:237,14,1,4
BRDA:237,15,0,16
BRDA:237,15,1,12
BRDA:238,16,0,12
BRDA:238,16,1,0
BRDA:240,17,0,12
BRDA:240,17,1,0
BRF:40
BRH:32
end_of_record
TN:
SF:/Users/baidu/Git/neo/lib/parser/jsParser.js
FN:42,extractStrings
FN:68,extractStringArrays
FN:82,record
FN:108,requireCalls
FN:120,requireAsyncCalls
FNF:5
FNH:5
FNDA:9,extractStrings
FNDA:6,extractStringArrays
FNDA:9,record
FNDA:15,requireCalls
FNDA:13,requireAsyncCalls
DA:29,1
DA:30,1
DA:31,1
DA:32,1
DA:33,1
DA:42,1
DA:44,9
DA:48,9
DA:49,9
DA:50,9
DA:52,16
DA:54,15
DA:57,9
DA:68,1
DA:70,6
DA:74,6
DA:75,6
DA:76,6
DA:82,1
DA:83,9
DA:86,6
DA:87,7
DA:88,6
DA:89,6
DA:90,6
DA:91,6
DA:98,7
DA:100,6
DA:108,1
DA:109,15
DA:110,6
DA:112,9
DA:120,1
DA:121,13
DA:122,7
DA:124,6
DA:128,1
DA:129,1
DA:130,1
LF:39
LH:39
BRDA:52,1,0,15
BRDA:52,1,1,1
BRDA:52,2,0,16
BRDA:52,2,1,13
BRDA:52,2,2,12
BRDA:87,3,0,6
BRDA:87,3,1,1
BRDA:87,4,0,7
BRDA:87,4,1,5
BRDA:88,5,0,6
BRDA:88,5,1,0
BRDA:88,5,2,0
BRDA:89,6,0,6
BRDA:89,6,1,0
BRDA:109,7,0,6
BRDA:109,7,1,9
BRDA:121,8,0,7
BRDA:121,8,1,6
BRF:18
BRH:15
end_of_record
TN:
SF:/Users/baidu/Git/neo/lib/resource/JS.js
FN:51,(anonymous_1)
FN:62,(anonymous_2)
FN:72,(anonymous_3)
FN:76,(anonymous_4)
FN:80,(anonymous_5)
FN:84,(anonymous_6)
FN:111,(anonymous_7)
FN:120,(anonymous_8)
FN:131,(anonymous_9)
FN:141,(anonymous_10)
FN:161,(anonymous_11)
FNF:11
FNH:7
FNDA:13,(anonymous_1)
FNDA:37,(anonymous_2)
FNDA:10,(anonymous_3)
FNDA:3,(anonymous_4)
FNDA:9,(anonymous_5)
FNDA:16,(anonymous_6)
FNDA:12,(anonymous_7)
FNDA:0,(anonymous_8)
FNDA:0,(anonymous_9)
FNDA:0,(anonymous_10)
FNDA:0,(anonymous_11)
DA:39,1
DA:40,1
DA:41,1
DA:42,1
DA:43,1
DA:52,13
DA:53,13
DA:54,56
DA:56,13
DA:63,37
DA:65,37
DA:66,37
DA:67,37
DA:68,37
DA:69,37
DA:73,10
DA:77,3
DA:81,9
DA:85,16
DA:86,16
DA:87,6
DA:89,16
DA:90,16
DA:91,3
DA:93,16
DA:94,16
DA:95,6
DA:112,12
DA:121,0
DA:132,0
DA:133,0
DA:136,0
DA:139,0
DA:140,0
DA:142,0
DA:143,0
DA:147,0
DA:148,0
DA:151,0
DA:152,0
DA:153,0
DA:155,0
DA:159,0
DA:162,0
DA:163,0
DA:164,0
DA:166,0
DA:168,0
DA:169,0
DA:170,0
DA:171,0
DA:175,0
DA:176,0
DA:179,0
DA:180,0
DA:181,0
DA:183,0
DA:188,0
DA:191,0
DA:194,0
DA:196,0
DA:198,0
DA:200,0
DA:202,0
DA:204,0
DA:206,0
DA:210,1
DA:211,1
DA:214,1
DA:217,1
DA:220,1
DA:223,1
DA:224,1
DA:234,1
DA:235,1
DA:237,1
LF:76
LH:38
BRDA:86,1,0,6
BRDA:86,1,1,10
BRDA:90,2,0,3
BRDA:90,2,1,13
BRDA:94,3,0,6
BRDA:94,3,1,10
BRDA:121,4,0,0
BRDA:121,4,1,0
BRDA:132,5,0,0
BRDA:132,5,1,0
BRDA:132,6,0,0
BRDA:132,6,1,0
BRDA:142,7,0,0
BRDA:142,7,1,0
BRDA:151,8,0,0
BRDA:151,8,1,0
BRDA:152,9,0,0
BRDA:152,9,1,0
BRDA:162,10,0,0
BRDA:162,10,1,0
BRDA:169,11,0,0
BRDA:169,11,1,0
BRDA:179,12,0,0
BRDA:179,12,1,0
BRDA:180,13,0,0
BRDA:180,13,1,0
BRF:26
BRH:6
end_of_record
TN:
SF:/Users/baidu/Git/neo/lib/loader/SWFLoader.js
FN:40,(anonymous_1)
FN:44,(anonymous_2)
FN:48,(anonymous_3)
FN:52,(anonymous_4)
FN:56,(anonymous_5)
FN:66,(anonymous_6)
FNF:6
FNH:0
FNDA:0,(anonymous_1)
FNDA:0,(anonymous_2)
FNDA:0,(anonymous_3)
FNDA:0,(anonymous_4)
FNDA:0,(anonymous_5)
FNDA:0,(anonymous_6)
DA:31,1
DA:32,1
DA:33,1
DA:41,0
DA:45,0
DA:49,0
DA:53,0
DA:57,0
DA:67,0
DA:68,0
DA:70,0
DA:71,0
DA:72,0
DA:73,0
DA:75,0
DA:76,0
DA:77,0
DA:83,1
LF:18
LH:4
BRDA:71,1,0,0
BRDA:71,1,1,0
BRF:2
BRH:0
end_of_record
TN:
SF:/Users/baidu/Git/neo/lib/resource/SWF.js
FN:37,(anonymous_1)
FN:47,(anonymous_2)
FN:55,(anonymous_3)
FNF:3
FNH:0
FNDA:0,(anonymous_1)
FNDA:0,(anonymous_2)
FNDA:0,(anonymous_3)
DA:30,1
DA:38,0
DA:39,0
DA:40,0
DA:41,0
DA:42,0
DA:48,0
DA:49,0
DA:56,0
DA:65,1
DA:66,1
DA:68,1
LF:12
LH:4
BRF:0
BRH:0
end_of_record
